Using pre-set license
Built from '2020.3/staging' branch; Version is '2020.3.18f1 (a7d1c678663c) revision 10998214'; Using compiler version '192528614'; Build Type 'Release'
OS: 'Windows 10 Home; OS build 19043.1202; Version 2009; 64bit' Language: 'tr' Physical Memory: 8081 MB
BatchMode: 1, IsHumanControllingUs: 0, StartBugReporterOnCrash: 0, Is64bit: 1, IsPro: 0

COMMAND LINE ARGUMENTS:
C:\Program Files\Unity\Hub\Editor\2020.3.18f1\Editor\Unity.exe
-adb2
-batchMode
-noUpm
-name
AssetImportWorker0
-projectPath
D:/Projects/Unity/Platformer-2D/Platformer-2D/Platformer 2D
-logFile
Logs/AssetImportWorker0.log
-srvPort
55981
Successfully changed project path to: D:/Projects/Unity/Platformer-2D/Platformer-2D/Platformer 2D
D:/Projects/Unity/Platformer-2D/Platformer-2D/Platformer 2D
Using Asset Import Pipeline V2.
Refreshing native plugins compatible for Editor in 62.34 ms, found 3 plugins.
Preloading 0 native plugins for Editor in 0.00 ms.
Initialize engine version: 2020.3.18f1 (a7d1c678663c)
[Subsystems] Discovering subsystems at path C:/Program Files/Unity/Hub/Editor/2020.3.18f1/Editor/Data/Resources/UnitySubsystems
[Subsystems] Discovering subsystems at path D:/Projects/Unity/Platformer-2D/Platformer-2D/Platformer 2D/Assets
GfxDevice: creating device client; threaded=0
Direct3D:
    Version:  Direct3D 11.0 [level 11.1]
    Renderer: NVIDIA GeForce GTX 1050 Ti (ID=0x1c8c)
    Vendor:   
    VRAM:     4018 MB
    Driver:   30.0.14.7168
Initialize mono
Mono path[0] = 'C:/Program Files/Unity/Hub/Editor/2020.3.18f1/Editor/Data/Managed'
Mono path[1] = 'C:/Program Files/Unity/Hub/Editor/2020.3.18f1/Editor/Data/MonoBleedingEdge/lib/mono/unityjit'
Mono config path = 'C:/Program Files/Unity/Hub/Editor/2020.3.18f1/Editor/Data/MonoBleedingEdge/etc'
Using monoOptions --debugger-agent=transport=dt_socket,embedding=1,server=y,suspend=n,address=127.0.0.1:56596
Begin MonoManager ReloadAssembly
Registering precompiled unity dll's ...
Register platform support module: C:/Program Files/Unity/Hub/Editor/2020.3.18f1/Editor/Data/PlaybackEngines/WindowsStandaloneSupport/UnityEditor.WindowsStandalone.Extensions.dll
Registered in 0.001489 seconds.
Native extension for WindowsStandalone target not found
Refreshing native plugins compatible for Editor in 59.66 ms, found 3 plugins.
Preloading 0 native plugins for Editor in 0.00 ms.
Mono: successfully reloaded assembly
- Completed reload, in  1.040 seconds
Domain Reload Profiling:
	ReloadAssembly (1040ms)
		BeginReloadAssembly (53ms)
			ExecutionOrderSort (0ms)
			DisableScriptedObjects (0ms)
			BackupInstance (0ms)
			ReleaseScriptingObjects (0ms)
			CreateAndSetChildDomain (1ms)
		EndReloadAssembly (444ms)
			LoadAssemblies (51ms)
			RebuildTransferFunctionScriptingTraits (0ms)
			SetupTypeCache (148ms)
			ReleaseScriptCaches (0ms)
			RebuildScriptCaches (33ms)
			SetupLoadedEditorAssemblies (197ms)
				LogAssemblyErrors (0ms)
				InitializePlatformSupportModulesInManaged (4ms)
				SetLoadedEditorAssemblies (0ms)
				RefreshPlugins (60ms)
				BeforeProcessingInitializeOnLoad (18ms)
				ProcessInitializeOnLoadAttributes (84ms)
				ProcessInitializeOnLoadMethodAttributes (31ms)
				AfterProcessingInitializeOnLoad (0ms)
				EditorAssembliesLoaded (0ms)
			ExecutionOrderSort2 (0ms)
			AwakeInstancesAfterBackupRestoration (0ms)
Platform modules already initialized, skipping
Registering precompiled user dll's ...
Registered in 0.001863 seconds.
Begin MonoManager ReloadAssembly
Native extension for WindowsStandalone target not found
Refreshing native plugins compatible for Editor in 54.08 ms, found 3 plugins.
Preloading 0 native plugins for Editor in 0.00 ms.
Mono: successfully reloaded assembly
- Completed reload, in  1.199 seconds
Domain Reload Profiling:
	ReloadAssembly (1200ms)
		BeginReloadAssembly (141ms)
			ExecutionOrderSort (0ms)
			DisableScriptedObjects (5ms)
			BackupInstance (0ms)
			ReleaseScriptingObjects (0ms)
			CreateAndSetChildDomain (17ms)
		EndReloadAssembly (995ms)
			LoadAssemblies (88ms)
			RebuildTransferFunctionScriptingTraits (0ms)
			SetupTypeCache (312ms)
			ReleaseScriptCaches (0ms)
			RebuildScriptCaches (53ms)
			SetupLoadedEditorAssemblies (420ms)
				LogAssemblyErrors (0ms)
				InitializePlatformSupportModulesInManaged (4ms)
				SetLoadedEditorAssemblies (0ms)
				RefreshPlugins (54ms)
				BeforeProcessingInitializeOnLoad (85ms)
				ProcessInitializeOnLoadAttributes (253ms)
				ProcessInitializeOnLoadMethodAttributes (17ms)
				AfterProcessingInitializeOnLoad (7ms)
				EditorAssembliesLoaded (0ms)
			ExecutionOrderSort2 (0ms)
			AwakeInstancesAfterBackupRestoration (7ms)
Platform modules already initialized, skipping
========================================================================
Worker process is ready to serve import requests
Launched and connected shader compiler UnityShaderCompiler.exe after 0.06 seconds
Refreshing native plugins compatible for Editor in 0.52 ms, found 3 plugins.
Preloading 0 native plugins for Editor in 0.00 ms.
Unloading 2581 Unused Serialized files (Serialized files now loaded: 0)
System memory in use before: 112.9 MB.
System memory in use after: 113.1 MB.

Unloading 29 unused Assets to reduce memory usage. Loaded Objects now: 3026.
Total: 3.408400 ms (FindLiveObjects: 0.215200 ms CreateObjectMapping: 0.103100 ms MarkObjects: 3.030200 ms  DeleteObjects: 0.059000 ms)

AssetImportParameters requested are different than current active one (requested -> active):
  custom:framework-win-MediaFoundation: 216162199b28c13a410421893ffa2e32 -> 
  custom:video-decoder-ogg-theora: a1e56fd34408186e4bbccfd4996cb3dc -> 
  custom:container-muxer-webm: aa71ff27fc2769a1b78a27578f13a17b -> 
  custom:container-demuxer-webm: 4f35f7cbe854078d1ac9338744f61a02 -> 
  custom:container-demuxer-ogg: 62fdf1f143b41e24485cea50d1cbac27 -> 
  custom:video-encoder-webm-vp8: eb34c28f22e8b96e1ab97ce403110664 -> 
  custom:video-decoder-webm-vp8: 9c59270c3fd7afecdb556c50c9e8de78 -> 
  custom:audio-decoder-ogg-vorbis: bf7c407c2cedff20999df2af8eb42d56 -> 
  custom:audio-encoder-webm-vorbis: bf7c407c2cedff20999df2af8eb42d56 -> 
========================================================================
Received Import Request.
  path: Assets/Animations/Enemy/King Pig
  artifactKey: Guid(011ea13799b60074ebe1fb6114a7a849) Importer(815301076,1909f56bfc062723c751e8b465ee728b)
Start importing Assets/Animations/Enemy/King Pig using Guid(011ea13799b60074ebe1fb6114a7a849) Importer(815301076,1909f56bfc062723c751e8b465ee728b)  -> (artifact id: '8767f746e3db33303698135e10b51075') in 0.008184 seconds 
  Import took 0.015182 seconds .

========================================================================
Received Import Request.
  Time since last request: 3.960985 seconds.
  path: Assets/Animations/Enemy/Pig
  artifactKey: Guid(5dd58acf0a7d2204f9bcce1687360a8e) Importer(815301076,1909f56bfc062723c751e8b465ee728b)
Start importing Assets/Animations/Enemy/Pig using Guid(5dd58acf0a7d2204f9bcce1687360a8e) Importer(815301076,1909f56bfc062723c751e8b465ee728b)  -> (artifact id: '00bd21dccb8a1bf1f23a73956bd45e08') in 0.008827 seconds 
  Import took 0.013098 seconds .

========================================================================
Received Import Request.
  Time since last request: 1.409844 seconds.
  path: Assets/Animations/Enemy/Attack.anim
  artifactKey: Guid(5444bbf8885cbd64e9d16e8e6724d920) Importer(815301076,1909f56bfc062723c751e8b465ee728b)
Start importing Assets/Animations/Enemy/Attack.anim using Guid(5444bbf8885cbd64e9d16e8e6724d920) Importer(815301076,1909f56bfc062723c751e8b465ee728b)  -> (artifact id: 'a78cd4ccc66b03515cd786d0b4895f89') in 0.029833 seconds 
  Import took 0.037422 seconds .

========================================================================
Received Import Request.
  Time since last request: 6.112337 seconds.
  path: Assets/Animations/Enemy/Idle.anim
  artifactKey: Guid(49fcac2f65cd23d4395439cc417ded26) Importer(815301076,1909f56bfc062723c751e8b465ee728b)
Start importing Assets/Animations/Enemy/Idle.anim using Guid(49fcac2f65cd23d4395439cc417ded26) Importer(815301076,1909f56bfc062723c751e8b465ee728b)  -> (artifact id: '648ffac7388b88aa8a19960b17dfb9fa') in 0.010961 seconds 
  Import took 0.015841 seconds .

========================================================================
Received Import Request.
  Time since last request: 5.931468 seconds.
  path: Assets/Animations/Enemy/Pig.controller
  artifactKey: Guid(af15c17eb6770254a8cd5ae75bc7b454) Importer(815301076,1909f56bfc062723c751e8b465ee728b)
Start importing Assets/Animations/Enemy/Pig.controller using Guid(af15c17eb6770254a8cd5ae75bc7b454) Importer(815301076,1909f56bfc062723c751e8b465ee728b)  -> (artifact id: 'b8dac565cc8d14fcf7d85fccf1b5847d') in 0.008148 seconds 
  Import took 0.013058 seconds .

========================================================================
Received Import Request.
  Time since last request: 3.179823 seconds.
  path: Assets/Animations/Enemy/KingPig_Idle.anim
  artifactKey: Guid(17042827158e8d74191cf2d18c663d98) Importer(815301076,1909f56bfc062723c751e8b465ee728b)
Start importing Assets/Animations/Enemy/KingPig_Idle.anim using Guid(17042827158e8d74191cf2d18c663d98) Importer(815301076,1909f56bfc062723c751e8b465ee728b)  -> (artifact id: '3534e49d95d887e0dff553bbbaf71dcf') in 0.006974 seconds 
  Import took 0.016289 seconds .

========================================================================
Received Import Request.
  Time since last request: 0.001086 seconds.
  path: Assets/Animations/Enemy/KingPig_Idle.anim
  artifactKey: Guid(17042827158e8d74191cf2d18c663d98) Importer(815301076,1909f56bfc062723c751e8b465ee728b)
Start importing Assets/Animations/Enemy/KingPig_Idle.anim using Guid(17042827158e8d74191cf2d18c663d98) Importer(815301076,1909f56bfc062723c751e8b465ee728b)  -> (artifact id: '3534e49d95d887e0dff553bbbaf71dcf') in 0.002710 seconds 
  Import took 0.006862 seconds .

========================================================================
Received Import Request.
  Time since last request: 0.231402 seconds.
  path: Assets/Animations/Enemy/KingPig_Run.anim
  artifactKey: Guid(ae20ee531eda17642a7c09a4936c7bc0) Importer(815301076,1909f56bfc062723c751e8b465ee728b)
Start importing Assets/Animations/Enemy/KingPig_Run.anim using Guid(ae20ee531eda17642a7c09a4936c7bc0) Importer(815301076,1909f56bfc062723c751e8b465ee728b)  -> (artifact id: '46f979107405c24c138f3d75cd35ed65') in 0.006429 seconds 
  Import took 0.015251 seconds .

========================================================================
Received Import Request.
  Time since last request: 1.109318 seconds.
  path: Assets/Animations/Enemy/King Pig/KingPig_Run.anim
  artifactKey: Guid(ae20ee531eda17642a7c09a4936c7bc0) Importer(815301076,1909f56bfc062723c751e8b465ee728b)
Start importing Assets/Animations/Enemy/King Pig/KingPig_Run.anim using Guid(ae20ee531eda17642a7c09a4936c7bc0) Importer(815301076,1909f56bfc062723c751e8b465ee728b)  -> (artifact id: '84d7fc112b60bd9734444160e98bdf83') in 0.002322 seconds 
  Import took 0.006966 seconds .

========================================================================
Received Prepare
Registering precompiled user dll's ...
Registered in 0.001857 seconds.
Begin MonoManager ReloadAssembly
Native extension for WindowsStandalone target not found
Refreshing native plugins compatible for Editor in 0.56 ms, found 3 plugins.
Preloading 0 native plugins for Editor in 0.00 ms.
Mono: successfully reloaded assembly
- Completed reload, in  1.075 seconds
Domain Reload Profiling:
	ReloadAssembly (1075ms)
		BeginReloadAssembly (120ms)
			ExecutionOrderSort (0ms)
			DisableScriptedObjects (7ms)
			BackupInstance (0ms)
			ReleaseScriptingObjects (0ms)
			CreateAndSetChildDomain (34ms)
		EndReloadAssembly (891ms)
			LoadAssemblies (93ms)
			RebuildTransferFunctionScriptingTraits (0ms)
			SetupTypeCache (308ms)
			ReleaseScriptCaches (1ms)
			RebuildScriptCaches (42ms)
			SetupLoadedEditorAssemblies (335ms)
				LogAssemblyErrors (0ms)
				InitializePlatformSupportModulesInManaged (4ms)
				SetLoadedEditorAssemblies (0ms)
				RefreshPlugins (1ms)
				BeforeProcessingInitializeOnLoad (76ms)
				ProcessInitializeOnLoadAttributes (242ms)
				ProcessInitializeOnLoadMethodAttributes (6ms)
				AfterProcessingInitializeOnLoad (5ms)
				EditorAssembliesLoaded (0ms)
			ExecutionOrderSort2 (0ms)
			AwakeInstancesAfterBackupRestoration (11ms)
Platform modules already initialized, skipping
Refreshing native plugins compatible for Editor in 0.53 ms, found 3 plugins.
Preloading 0 native plugins for Editor in 0.00 ms.
Unloading 2555 Unused Serialized files (Serialized files now loaded: 0)
System memory in use before: 111.1 MB.
System memory in use after: 111.3 MB.

Unloading 15 unused Assets to reduce memory usage. Loaded Objects now: 3029.
Total: 3.423600 ms (FindLiveObjects: 0.247900 ms CreateObjectMapping: 0.098500 ms MarkObjects: 3.058800 ms  DeleteObjects: 0.017600 ms)

AssetImportParameters requested are different than current active one (requested -> active):
  custom:framework-win-MediaFoundation: 216162199b28c13a410421893ffa2e32 -> 
  custom:video-decoder-ogg-theora: a1e56fd34408186e4bbccfd4996cb3dc -> 
  custom:container-muxer-webm: aa71ff27fc2769a1b78a27578f13a17b -> 
  custom:container-demuxer-webm: 4f35f7cbe854078d1ac9338744f61a02 -> 
  custom:container-demuxer-ogg: 62fdf1f143b41e24485cea50d1cbac27 -> 
  custom:video-encoder-webm-vp8: eb34c28f22e8b96e1ab97ce403110664 -> 
  custom:video-decoder-webm-vp8: 9c59270c3fd7afecdb556c50c9e8de78 -> 
  custom:audio-decoder-ogg-vorbis: bf7c407c2cedff20999df2af8eb42d56 -> 
  custom:audio-encoder-webm-vorbis: bf7c407c2cedff20999df2af8eb42d56 -> 
========================================================================
Received Import Request.
  Time since last request: 412.994848 seconds.
  path: Assets/Kings and Pigs/13-Dialogue Boxes/Attack In (24x8).png
  artifactKey: Guid(996942888dee764489b82b20704c6231) Importer(815301076,1909f56bfc062723c751e8b465ee728b)
Start importing Assets/Kings and Pigs/13-Dialogue Boxes/Attack In (24x8).png using Guid(996942888dee764489b82b20704c6231) Importer(815301076,1909f56bfc062723c751e8b465ee728b)  -> (artifact id: 'bdb15f542e062c175ec0ef6e18a0ad73') in 0.097485 seconds 
  Import took 0.101494 seconds .

========================================================================
Received Import Request.
  Time since last request: 0.000247 seconds.
  path: Assets/Kings and Pigs/13-Dialogue Boxes/Attack Out (24x8).png
  artifactKey: Guid(72dd9c7e0277fa2439ee30345adf0da5) Importer(815301076,1909f56bfc062723c751e8b465ee728b)
Start importing Assets/Kings and Pigs/13-Dialogue Boxes/Attack Out (24x8).png using Guid(72dd9c7e0277fa2439ee30345adf0da5) Importer(815301076,1909f56bfc062723c751e8b465ee728b)  -> (artifact id: '9d36db85db0e5fcbf4ab33f2f6e351e0') in 0.015617 seconds 
  Import took 0.019995 seconds .

========================================================================
Received Import Request.
  Time since last request: 0.018641 seconds.
  path: Assets/Kings and Pigs/13-Dialogue Boxes/Attack Out (24x8).png
  artifactKey: Guid(72dd9c7e0277fa2439ee30345adf0da5) Importer(815301076,1909f56bfc062723c751e8b465ee728b)
Start importing Assets/Kings and Pigs/13-Dialogue Boxes/Attack Out (24x8).png using Guid(72dd9c7e0277fa2439ee30345adf0da5) Importer(815301076,1909f56bfc062723c751e8b465ee728b)  -> (artifact id: '9d36db85db0e5fcbf4ab33f2f6e351e0') in 0.008418 seconds 
  Import took 0.012377 seconds .

========================================================================
Received Import Request.
  Time since last request: 28.175836 seconds.
  path: Assets/Kings and Pigs/13-Dialogue Boxes/Attack Out (24x8).png
  artifactKey: Guid(72dd9c7e0277fa2439ee30345adf0da5) Importer(815301076,1909f56bfc062723c751e8b465ee728b)
Start importing Assets/Kings and Pigs/13-Dialogue Boxes/Attack Out (24x8).png using Guid(72dd9c7e0277fa2439ee30345adf0da5) Importer(815301076,1909f56bfc062723c751e8b465ee728b)  -> (artifact id: 'd5d13498d2854f0dcc03fde6dcb7ed3c') in 0.009658 seconds 
  Import took 0.014548 seconds .

========================================================================
Received Import Request.
  Time since last request: 0.015078 seconds.
  path: Assets/Kings and Pigs/13-Dialogue Boxes/Attack In (24x8).png
  artifactKey: Guid(996942888dee764489b82b20704c6231) Importer(815301076,1909f56bfc062723c751e8b465ee728b)
Start importing Assets/Kings and Pigs/13-Dialogue Boxes/Attack In (24x8).png using Guid(996942888dee764489b82b20704c6231) Importer(815301076,1909f56bfc062723c751e8b465ee728b)  -> (artifact id: 'd06f82f4cb4b704b9e25914aae3bc682') in 0.011274 seconds 
  Import took 0.016433 seconds .

========================================================================
Received Import Request.
  Time since last request: 66.848086 seconds.
  path: Assets/Kings and Pigs/13-Dialogue Boxes/Attack In (24x8).png
  artifactKey: Guid(996942888dee764489b82b20704c6231) Importer(815301076,1909f56bfc062723c751e8b465ee728b)
Start importing Assets/Kings and Pigs/13-Dialogue Boxes/Attack In (24x8).png using Guid(996942888dee764489b82b20704c6231) Importer(815301076,1909f56bfc062723c751e8b465ee728b)  -> (artifact id: 'cdd8eeaf437edd75ed01ef886fa6aaca') in 0.021748 seconds 
  Import took 0.026143 seconds .

========================================================================
Received Import Request.
  Time since last request: 13.225727 seconds.
  path: Assets/Kings and Pigs/13-Dialogue Boxes/Attack Out (24x8).png
  artifactKey: Guid(72dd9c7e0277fa2439ee30345adf0da5) Importer(815301076,1909f56bfc062723c751e8b465ee728b)
Start importing Assets/Kings and Pigs/13-Dialogue Boxes/Attack Out (24x8).png using Guid(72dd9c7e0277fa2439ee30345adf0da5) Importer(815301076,1909f56bfc062723c751e8b465ee728b)  -> (artifact id: 'e6434c5bea9592172bdd12d0890d5ecf') in 0.024158 seconds 
  Import took 0.029302 seconds .

========================================================================
Received Import Request.
  Time since last request: 0.002384 seconds.
  path: Assets/Kings and Pigs/13-Dialogue Boxes/Attack Out (24x8).png
  artifactKey: Guid(72dd9c7e0277fa2439ee30345adf0da5) Importer(815301076,1909f56bfc062723c751e8b465ee728b)
Start importing Assets/Kings and Pigs/13-Dialogue Boxes/Attack Out (24x8).png using Guid(72dd9c7e0277fa2439ee30345adf0da5) Importer(815301076,1909f56bfc062723c751e8b465ee728b)  -> (artifact id: 'e6434c5bea9592172bdd12d0890d5ecf') in 0.021861 seconds 
  Import took 0.025684 seconds .

========================================================================
Received Import Request.
  Time since last request: 38.076461 seconds.
  path: Assets/Animations/Menu/Objects/ChatBox2/ChatBox2.controller
  artifactKey: Guid(c9cb8e4dfd372254ea477576a599cde0) Importer(815301076,1909f56bfc062723c751e8b465ee728b)
Start importing Assets/Animations/Menu/Objects/ChatBox2/ChatBox2.controller using Guid(c9cb8e4dfd372254ea477576a599cde0) Importer(815301076,1909f56bfc062723c751e8b465ee728b)  -> (artifact id: '66ece57ab551794b51bba306b850515c') in 0.007283 seconds 
  Import took 0.021119 seconds .

========================================================================
Received Import Request.
  Time since last request: 9.455488 seconds.
  path: Assets/Animations/Menu/Objects/ChatBox2/Attack.anim
  artifactKey: Guid(62aa9f2de6151b145ac568121d5e0c3f) Importer(815301076,1909f56bfc062723c751e8b465ee728b)
Start importing Assets/Animations/Menu/Objects/ChatBox2/Attack.anim using Guid(62aa9f2de6151b145ac568121d5e0c3f) Importer(815301076,1909f56bfc062723c751e8b465ee728b)  -> (artifact id: 'aec99d312c049a9418f5ecfc5cc252b4') in 0.002383 seconds 
  Import took 0.007743 seconds .

========================================================================
Received Import Request.
  Time since last request: 169.081609 seconds.
  path: Assets/Kings and Pigs/13-Dialogue Boxes/!!! Out (24x8).png
  artifactKey: Guid(42e1f3b4d1e757941b06d36b65e68866) Importer(815301076,1909f56bfc062723c751e8b465ee728b)
Start importing Assets/Kings and Pigs/13-Dialogue Boxes/!!! Out (24x8).png using Guid(42e1f3b4d1e757941b06d36b65e68866) Importer(815301076,1909f56bfc062723c751e8b465ee728b)  -> (artifact id: 'acb5e30ebbffd6ac9791c39d50e3ad8a') in 0.010875 seconds 
  Import took 0.016139 seconds .

========================================================================
Received Import Request.
  Time since last request: 0.013709 seconds.
  path: Assets/Kings and Pigs/13-Dialogue Boxes/!!! In (24x8).png
  artifactKey: Guid(5f24e6ce2a14b784280c0dba71596988) Importer(815301076,1909f56bfc062723c751e8b465ee728b)
Start importing Assets/Kings and Pigs/13-Dialogue Boxes/!!! In (24x8).png using Guid(5f24e6ce2a14b784280c0dba71596988) Importer(815301076,1909f56bfc062723c751e8b465ee728b)  -> (artifact id: '5b2bcb6bc43bd632191595237932ef15') in 0.009955 seconds 
  Import took 0.014474 seconds .

========================================================================
Received Import Request.
  Time since last request: 10.973490 seconds.
  path: Assets/Kings and Pigs/13-Dialogue Boxes/!!! In (24x8).png
  artifactKey: Guid(5f24e6ce2a14b784280c0dba71596988) Importer(815301076,1909f56bfc062723c751e8b465ee728b)
Start importing Assets/Kings and Pigs/13-Dialogue Boxes/!!! In (24x8).png using Guid(5f24e6ce2a14b784280c0dba71596988) Importer(815301076,1909f56bfc062723c751e8b465ee728b)  -> (artifact id: 'cae2cc57c0a468bb71c90f48fe17a30e') in 0.033858 seconds 
  Import took 0.039436 seconds .

========================================================================
Received Import Request.
  Time since last request: 34.297570 seconds.
  path: Assets/Kings and Pigs/13-Dialogue Boxes/!!! Out (24x8).png
  artifactKey: Guid(42e1f3b4d1e757941b06d36b65e68866) Importer(815301076,1909f56bfc062723c751e8b465ee728b)
Start importing Assets/Kings and Pigs/13-Dialogue Boxes/!!! Out (24x8).png using Guid(42e1f3b4d1e757941b06d36b65e68866) Importer(815301076,1909f56bfc062723c751e8b465ee728b)  -> (artifact id: '59a427fff9edf8ed80625c3d12e0804c') in 0.015834 seconds 
  Import took 0.020696 seconds .

========================================================================
Received Import Request.
  Time since last request: 127.464475 seconds.
  path: Assets/Kings and Pigs/13-Dialogue Boxes/Blank.png
  artifactKey: Guid(8c8ca8f261e869b4483faa9832df980d) Importer(815301076,1909f56bfc062723c751e8b465ee728b)
Start importing Assets/Kings and Pigs/13-Dialogue Boxes/Blank.png using Guid(8c8ca8f261e869b4483faa9832df980d) Importer(815301076,1909f56bfc062723c751e8b465ee728b)  -> (artifact id: '7e23910557b8585d271d844f7e08b3e4') in 0.013191 seconds 
  Import took 0.019865 seconds .

========================================================================
Received Import Request.
  Time since last request: 0.000313 seconds.
  path: Assets/Kings and Pigs/13-Dialogue Boxes/Boom In (24x8).png
  artifactKey: Guid(1681474c0f8cfcf44869a4b8fc0997c4) Importer(815301076,1909f56bfc062723c751e8b465ee728b)
Start importing Assets/Kings and Pigs/13-Dialogue Boxes/Boom In (24x8).png using Guid(1681474c0f8cfcf44869a4b8fc0997c4) Importer(815301076,1909f56bfc062723c751e8b465ee728b)  -> (artifact id: '4d56a61ba2a2ff3af4f501d32334c09c') in 0.012259 seconds 
  Import took 0.016503 seconds .

========================================================================
Received Import Request.
  Time since last request: 0.000194 seconds.
  path: Assets/Kings and Pigs/13-Dialogue Boxes/Dead In (24x8).png
  artifactKey: Guid(9d51a7ec9a49ff24eb608a6ee2770e40) Importer(815301076,1909f56bfc062723c751e8b465ee728b)
Start importing Assets/Kings and Pigs/13-Dialogue Boxes/Dead In (24x8).png using Guid(9d51a7ec9a49ff24eb608a6ee2770e40) Importer(815301076,1909f56bfc062723c751e8b465ee728b)  -> (artifact id: '5c2a8dcb30be25257e05de14eb0ccbb3') in 0.013417 seconds 
  Import took 0.018895 seconds .

========================================================================
Received Import Request.
  Time since last request: 0.000252 seconds.
  path: Assets/Kings and Pigs/13-Dialogue Boxes/Boom Out (24x8).png
  artifactKey: Guid(ad99fdbb665d0dc448e906c904e86616) Importer(815301076,1909f56bfc062723c751e8b465ee728b)
Start importing Assets/Kings and Pigs/13-Dialogue Boxes/Boom Out (24x8).png using Guid(ad99fdbb665d0dc448e906c904e86616) Importer(815301076,1909f56bfc062723c751e8b465ee728b)  -> (artifact id: '0c410431cdee8f58791c17350893916d') in 0.010162 seconds 
  Import took 0.014568 seconds .

========================================================================
Received Import Request.
  Time since last request: 0.000195 seconds.
  path: Assets/Kings and Pigs/13-Dialogue Boxes/Dead Out (24x8).png
  artifactKey: Guid(796482088c7762d4691dabcd3ecbba81) Importer(815301076,1909f56bfc062723c751e8b465ee728b)
Start importing Assets/Kings and Pigs/13-Dialogue Boxes/Dead Out (24x8).png using Guid(796482088c7762d4691dabcd3ecbba81) Importer(815301076,1909f56bfc062723c751e8b465ee728b)  -> (artifact id: 'ec0deaa9ad61f189816b9af143d383e3') in 0.013827 seconds 
  Import took 0.019766 seconds .

========================================================================
Received Import Request.
  Time since last request: 0.947017 seconds.
  path: Assets/Kings and Pigs/13-Dialogue Boxes/Interrogation In (24x8).png
  artifactKey: Guid(96eb40e886b6ba345b947610838b9475) Importer(815301076,1909f56bfc062723c751e8b465ee728b)
Start importing Assets/Kings and Pigs/13-Dialogue Boxes/Interrogation In (24x8).png using Guid(96eb40e886b6ba345b947610838b9475) Importer(815301076,1909f56bfc062723c751e8b465ee728b)  -> (artifact id: '3a7bdcb4f8f44851a2ddb001dcfc4edc') in 0.013223 seconds 
  Import took 0.018401 seconds .

========================================================================
Received Import Request.
  Time since last request: 0.000284 seconds.
  path: Assets/Kings and Pigs/13-Dialogue Boxes/Interrogation Out (24x8).png
  artifactKey: Guid(890f383f6e00a6f41a37c33f559777e8) Importer(815301076,1909f56bfc062723c751e8b465ee728b)
Start importing Assets/Kings and Pigs/13-Dialogue Boxes/Interrogation Out (24x8).png using Guid(890f383f6e00a6f41a37c33f559777e8) Importer(815301076,1909f56bfc062723c751e8b465ee728b)  -> (artifact id: 'b744587e5aee7c753094938af0734a98') in 0.009276 seconds 
  Import took 0.013566 seconds .

========================================================================
Received Import Request.
  Time since last request: 0.000317 seconds.
  path: Assets/Kings and Pigs/13-Dialogue Boxes/Loser In (24x8).png
  artifactKey: Guid(3df1412b65fc2434ba4601d4370e005e) Importer(815301076,1909f56bfc062723c751e8b465ee728b)
Start importing Assets/Kings and Pigs/13-Dialogue Boxes/Loser In (24x8).png using Guid(3df1412b65fc2434ba4601d4370e005e) Importer(815301076,1909f56bfc062723c751e8b465ee728b)  -> (artifact id: '169ea232bf9c6e79b1b8212b1d65a73a') in 0.010571 seconds 
  Import took 0.014856 seconds .

========================================================================
Received Import Request.
  Time since last request: 0.613881 seconds.
  path: Assets/Kings and Pigs/13-Dialogue Boxes/Loser Out (24x8).png
  artifactKey: Guid(6cb18b4c4ec3bc24ab78ae8ccce492dd) Importer(815301076,1909f56bfc062723c751e8b465ee728b)
Start importing Assets/Kings and Pigs/13-Dialogue Boxes/Loser Out (24x8).png using Guid(6cb18b4c4ec3bc24ab78ae8ccce492dd) Importer(815301076,1909f56bfc062723c751e8b465ee728b)  -> (artifact id: '2f68dbc1127f591c0ba4c0d38575d171') in 0.008371 seconds 
  Import took 0.017929 seconds .

========================================================================
Received Import Request.
  Time since last request: 0.000263 seconds.
  path: Assets/Kings and Pigs/13-Dialogue Boxes/No Out (24x8).png
  artifactKey: Guid(48e4c66e050f6fd45a93e58ee6ab3450) Importer(815301076,1909f56bfc062723c751e8b465ee728b)
Start importing Assets/Kings and Pigs/13-Dialogue Boxes/No Out (24x8).png using Guid(48e4c66e050f6fd45a93e58ee6ab3450) Importer(815301076,1909f56bfc062723c751e8b465ee728b)  -> (artifact id: 'b4d1cbf265c76047310d8b064f357074') in 0.009731 seconds 
  Import took 0.013835 seconds .

========================================================================
Received Import Request.
  Time since last request: 0.000273 seconds.
  path: Assets/Kings and Pigs/13-Dialogue Boxes/No In (24x8).png
  artifactKey: Guid(ebcfb95808562ca4b893f628e5e0a2d9) Importer(815301076,1909f56bfc062723c751e8b465ee728b)
Start importing Assets/Kings and Pigs/13-Dialogue Boxes/No In (24x8).png using Guid(ebcfb95808562ca4b893f628e5e0a2d9) Importer(815301076,1909f56bfc062723c751e8b465ee728b)  -> (artifact id: '12b2eebad5a72706a4f4ab94c662ee41') in 0.011243 seconds 
  Import took 0.015561 seconds .

========================================================================
Received Import Request.
  Time since last request: 6.587121 seconds.
  path: Assets/Kings and Pigs/13-Dialogue Boxes/WTF In (24x8).png
  artifactKey: Guid(52924e0736e63e8429a5a37d727d9bef) Importer(815301076,1909f56bfc062723c751e8b465ee728b)
Start importing Assets/Kings and Pigs/13-Dialogue Boxes/WTF In (24x8).png using Guid(52924e0736e63e8429a5a37d727d9bef) Importer(815301076,1909f56bfc062723c751e8b465ee728b)  -> (artifact id: '21f60835e42c45df70aea267c0f0d504') in 0.009181 seconds 
  Import took 0.018850 seconds .

========================================================================
Received Import Request.
  Time since last request: 0.000342 seconds.
  path: Assets/Kings and Pigs/13-Dialogue Boxes/WTF Out (24x8).png
  artifactKey: Guid(6127fd80cfc65b443b474f95c8b083f8) Importer(815301076,1909f56bfc062723c751e8b465ee728b)
Start importing Assets/Kings and Pigs/13-Dialogue Boxes/WTF Out (24x8).png using Guid(6127fd80cfc65b443b474f95c8b083f8) Importer(815301076,1909f56bfc062723c751e8b465ee728b)  -> (artifact id: '48833cb1056339e91f053884b3a6030c') in 0.011229 seconds 
  Import took 0.016337 seconds .

========================================================================
Received Import Request.
  Time since last request: 10.100098 seconds.
  path: Assets/Kings and Pigs/13-Dialogue Boxes/WTF In (24x8).png
  artifactKey: Guid(52924e0736e63e8429a5a37d727d9bef) Importer(815301076,1909f56bfc062723c751e8b465ee728b)
Start importing Assets/Kings and Pigs/13-Dialogue Boxes/WTF In (24x8).png using Guid(52924e0736e63e8429a5a37d727d9bef) Importer(815301076,1909f56bfc062723c751e8b465ee728b)  -> (artifact id: '66c10b0999284e89472ceb053a1e767f') in 0.034871 seconds 
  Import took 0.038648 seconds .

========================================================================
Received Import Request.
  Time since last request: 3.709505 seconds.
  path: Assets/Kings and Pigs/13-Dialogue Boxes/WTF Out (24x8).png
  artifactKey: Guid(6127fd80cfc65b443b474f95c8b083f8) Importer(815301076,1909f56bfc062723c751e8b465ee728b)
Start importing Assets/Kings and Pigs/13-Dialogue Boxes/WTF Out (24x8).png using Guid(6127fd80cfc65b443b474f95c8b083f8) Importer(815301076,1909f56bfc062723c751e8b465ee728b)  -> (artifact id: '762e4fc59295a9c3a2fff9eb68a2c2aa') in 0.028361 seconds 
  Import took 0.032893 seconds .

========================================================================
Received Import Request.
  Time since last request: 22.613276 seconds.
  path: Assets/Kings and Pigs/13-Dialogue Boxes/Blank.png
  artifactKey: Guid(8c8ca8f261e869b4483faa9832df980d) Importer(815301076,1909f56bfc062723c751e8b465ee728b)
Start importing Assets/Kings and Pigs/13-Dialogue Boxes/Blank.png using Guid(8c8ca8f261e869b4483faa9832df980d) Importer(815301076,1909f56bfc062723c751e8b465ee728b)  -> (artifact id: 'ac4b1d4845f4cb23092da39b56d9d27f') in 0.013071 seconds 
  Import took 0.017211 seconds .

========================================================================
Received Import Request.
  Time since last request: 0.010785 seconds.
  path: Assets/Kings and Pigs/13-Dialogue Boxes/Blank.png
  artifactKey: Guid(8c8ca8f261e869b4483faa9832df980d) Importer(815301076,1909f56bfc062723c751e8b465ee728b)
Start importing Assets/Kings and Pigs/13-Dialogue Boxes/Blank.png using Guid(8c8ca8f261e869b4483faa9832df980d) Importer(815301076,1909f56bfc062723c751e8b465ee728b)  -> (artifact id: 'ac4b1d4845f4cb23092da39b56d9d27f') in 0.010149 seconds 
  Import took 0.014091 seconds .

========================================================================
Received Prepare
Registering precompiled user dll's ...
Registered in 0.001900 seconds.
Begin MonoManager ReloadAssembly
Native extension for WindowsStandalone target not found
Refreshing native plugins compatible for Editor in 0.62 ms, found 3 plugins.
Preloading 0 native plugins for Editor in 0.00 ms.
Mono: successfully reloaded assembly
- Completed reload, in  1.405 seconds
Domain Reload Profiling:
	ReloadAssembly (1406ms)
		BeginReloadAssembly (153ms)
			ExecutionOrderSort (0ms)
			DisableScriptedObjects (7ms)
			BackupInstance (0ms)
			ReleaseScriptingObjects (0ms)
			CreateAndSetChildDomain (50ms)
		EndReloadAssembly (1170ms)
			LoadAssemblies (109ms)
			RebuildTransferFunctionScriptingTraits (0ms)
			SetupTypeCache (405ms)
			ReleaseScriptCaches (1ms)
			RebuildScriptCaches (70ms)
			SetupLoadedEditorAssemblies (437ms)
				LogAssemblyErrors (0ms)
				InitializePlatformSupportModulesInManaged (5ms)
				SetLoadedEditorAssemblies (1ms)
				RefreshPlugins (1ms)
				BeforeProcessingInitializeOnLoad (96ms)
				ProcessInitializeOnLoadAttributes (317ms)
				ProcessInitializeOnLoadMethodAttributes (9ms)
				AfterProcessingInitializeOnLoad (9ms)
				EditorAssembliesLoaded (0ms)
			ExecutionOrderSort2 (0ms)
			AwakeInstancesAfterBackupRestoration (18ms)
Platform modules already initialized, skipping
Refreshing native plugins compatible for Editor in 0.65 ms, found 3 plugins.
Preloading 0 native plugins for Editor in 0.00 ms.
Unloading 2555 Unused Serialized files (Serialized files now loaded: 0)
System memory in use before: 114.2 MB.
System memory in use after: 114.5 MB.

Unloading 15 unused Assets to reduce memory usage. Loaded Objects now: 3044.
Total: 4.170500 ms (FindLiveObjects: 0.330400 ms CreateObjectMapping: 0.144200 ms MarkObjects: 3.669800 ms  DeleteObjects: 0.025100 ms)

AssetImportParameters requested are different than current active one (requested -> active):
  custom:framework-win-MediaFoundation: 216162199b28c13a410421893ffa2e32 -> 
  custom:video-decoder-ogg-theora: a1e56fd34408186e4bbccfd4996cb3dc -> 
  custom:container-muxer-webm: aa71ff27fc2769a1b78a27578f13a17b -> 
  custom:container-demuxer-webm: 4f35f7cbe854078d1ac9338744f61a02 -> 
  custom:container-demuxer-ogg: 62fdf1f143b41e24485cea50d1cbac27 -> 
  custom:video-encoder-webm-vp8: eb34c28f22e8b96e1ab97ce403110664 -> 
  custom:video-decoder-webm-vp8: 9c59270c3fd7afecdb556c50c9e8de78 -> 
  custom:audio-decoder-ogg-vorbis: bf7c407c2cedff20999df2af8eb42d56 -> 
  custom:audio-encoder-webm-vorbis: bf7c407c2cedff20999df2af8eb42d56 -> 
========================================================================
Received Prepare
Registering precompiled user dll's ...
Registered in 0.001874 seconds.
Begin MonoManager ReloadAssembly
Native extension for WindowsStandalone target not found
Refreshing native plugins compatible for Editor in 0.52 ms, found 3 plugins.
Preloading 0 native plugins for Editor in 0.00 ms.
Mono: successfully reloaded assembly
- Completed reload, in  1.141 seconds
Domain Reload Profiling:
	ReloadAssembly (1142ms)
		BeginReloadAssembly (130ms)
			ExecutionOrderSort (0ms)
			DisableScriptedObjects (6ms)
			BackupInstance (0ms)
			ReleaseScriptingObjects (0ms)
			CreateAndSetChildDomain (37ms)
		EndReloadAssembly (946ms)
			LoadAssemblies (95ms)
			RebuildTransferFunctionScriptingTraits (0ms)
			SetupTypeCache (313ms)
			ReleaseScriptCaches (1ms)
			RebuildScriptCaches (44ms)
			SetupLoadedEditorAssemblies (389ms)
				LogAssemblyErrors (0ms)
				InitializePlatformSupportModulesInManaged (5ms)
				SetLoadedEditorAssemblies (0ms)
				RefreshPlugins (1ms)
				BeforeProcessingInitializeOnLoad (87ms)
				ProcessInitializeOnLoadAttributes (286ms)
				ProcessInitializeOnLoadMethodAttributes (6ms)
				AfterProcessingInitializeOnLoad (5ms)
				EditorAssembliesLoaded (0ms)
			ExecutionOrderSort2 (0ms)
			AwakeInstancesAfterBackupRestoration (10ms)
Platform modules already initialized, skipping
Refreshing native plugins compatible for Editor in 0.75 ms, found 3 plugins.
Preloading 0 native plugins for Editor in 0.00 ms.
Unloading 2555 Unused Serialized files (Serialized files now loaded: 0)
System memory in use before: 114.3 MB.
System memory in use after: 114.5 MB.

Unloading 15 unused Assets to reduce memory usage. Loaded Objects now: 3047.
Total: 3.871500 ms (FindLiveObjects: 0.286200 ms CreateObjectMapping: 0.121500 ms MarkObjects: 3.445300 ms  DeleteObjects: 0.017700 ms)

AssetImportParameters requested are different than current active one (requested -> active):
  custom:framework-win-MediaFoundation: 216162199b28c13a410421893ffa2e32 -> 
  custom:video-decoder-ogg-theora: a1e56fd34408186e4bbccfd4996cb3dc -> 
  custom:container-muxer-webm: aa71ff27fc2769a1b78a27578f13a17b -> 
  custom:container-demuxer-webm: 4f35f7cbe854078d1ac9338744f61a02 -> 
  custom:container-demuxer-ogg: 62fdf1f143b41e24485cea50d1cbac27 -> 
  custom:video-encoder-webm-vp8: eb34c28f22e8b96e1ab97ce403110664 -> 
  custom:video-decoder-webm-vp8: 9c59270c3fd7afecdb556c50c9e8de78 -> 
  custom:audio-decoder-ogg-vorbis: bf7c407c2cedff20999df2af8eb42d56 -> 
  custom:audio-encoder-webm-vorbis: bf7c407c2cedff20999df2af8eb42d56 -> 
========================================================================
Received Prepare
Registering precompiled user dll's ...
Registered in 0.001907 seconds.
Begin MonoManager ReloadAssembly
Native extension for WindowsStandalone target not found
Refreshing native plugins compatible for Editor in 0.63 ms, found 3 plugins.
Preloading 0 native plugins for Editor in 0.00 ms.
Mono: successfully reloaded assembly
- Completed reload, in  1.302 seconds
Domain Reload Profiling:
	ReloadAssembly (1303ms)
		BeginReloadAssembly (143ms)
			ExecutionOrderSort (0ms)
			DisableScriptedObjects (7ms)
			BackupInstance (0ms)
			ReleaseScriptingObjects (0ms)
			CreateAndSetChildDomain (40ms)
		EndReloadAssembly (1086ms)
			LoadAssemblies (106ms)
			RebuildTransferFunctionScriptingTraits (0ms)
			SetupTypeCache (379ms)
			ReleaseScriptCaches (1ms)
			RebuildScriptCaches (54ms)
			SetupLoadedEditorAssemblies (405ms)
				LogAssemblyErrors (0ms)
				InitializePlatformSupportModulesInManaged (5ms)
				SetLoadedEditorAssemblies (1ms)
				RefreshPlugins (1ms)
				BeforeProcessingInitializeOnLoad (100ms)
				ProcessInitializeOnLoadAttributes (285ms)
				ProcessInitializeOnLoadMethodAttributes (7ms)
				AfterProcessingInitializeOnLoad (7ms)
				EditorAssembliesLoaded (0ms)
			ExecutionOrderSort2 (0ms)
			AwakeInstancesAfterBackupRestoration (11ms)
Platform modules already initialized, skipping
Refreshing native plugins compatible for Editor in 0.63 ms, found 3 plugins.
Preloading 0 native plugins for Editor in 0.00 ms.
Unloading 2555 Unused Serialized files (Serialized files now loaded: 0)
System memory in use before: 114.3 MB.
System memory in use after: 114.5 MB.

Unloading 15 unused Assets to reduce memory usage. Loaded Objects now: 3050.
Total: 4.230200 ms (FindLiveObjects: 0.286600 ms CreateObjectMapping: 0.139400 ms MarkObjects: 3.782200 ms  DeleteObjects: 0.021000 ms)

AssetImportParameters requested are different than current active one (requested -> active):
  custom:framework-win-MediaFoundation: 216162199b28c13a410421893ffa2e32 -> 
  custom:video-decoder-ogg-theora: a1e56fd34408186e4bbccfd4996cb3dc -> 
  custom:container-muxer-webm: aa71ff27fc2769a1b78a27578f13a17b -> 
  custom:container-demuxer-webm: 4f35f7cbe854078d1ac9338744f61a02 -> 
  custom:container-demuxer-ogg: 62fdf1f143b41e24485cea50d1cbac27 -> 
  custom:video-encoder-webm-vp8: eb34c28f22e8b96e1ab97ce403110664 -> 
  custom:video-decoder-webm-vp8: 9c59270c3fd7afecdb556c50c9e8de78 -> 
  custom:audio-decoder-ogg-vorbis: bf7c407c2cedff20999df2af8eb42d56 -> 
  custom:audio-encoder-webm-vorbis: bf7c407c2cedff20999df2af8eb42d56 -> 
========================================================================
Received Prepare
Registering precompiled user dll's ...
Registered in 0.001746 seconds.
Begin MonoManager ReloadAssembly
Native extension for WindowsStandalone target not found
Refreshing native plugins compatible for Editor in 0.65 ms, found 3 plugins.
Preloading 0 native plugins for Editor in 0.00 ms.
Mono: successfully reloaded assembly
- Completed reload, in  1.276 seconds
Domain Reload Profiling:
	ReloadAssembly (1277ms)
		BeginReloadAssembly (124ms)
			ExecutionOrderSort (0ms)
			DisableScriptedObjects (7ms)
			BackupInstance (0ms)
			ReleaseScriptingObjects (0ms)
			CreateAndSetChildDomain (43ms)
		EndReloadAssembly (1082ms)
			LoadAssemblies (99ms)
			RebuildTransferFunctionScriptingTraits (0ms)
			SetupTypeCache (357ms)
			ReleaseScriptCaches (1ms)
			RebuildScriptCaches (61ms)
			SetupLoadedEditorAssemblies (410ms)
				LogAssemblyErrors (0ms)
				InitializePlatformSupportModulesInManaged (5ms)
				SetLoadedEditorAssemblies (1ms)
				RefreshPlugins (1ms)
				BeforeProcessingInitializeOnLoad (102ms)
				ProcessInitializeOnLoadAttributes (288ms)
				ProcessInitializeOnLoadMethodAttributes (7ms)
				AfterProcessingInitializeOnLoad (6ms)
				EditorAssembliesLoaded (0ms)
			ExecutionOrderSort2 (0ms)
			AwakeInstancesAfterBackupRestoration (15ms)
Platform modules already initialized, skipping
Refreshing native plugins compatible for Editor in 0.63 ms, found 3 plugins.
Preloading 0 native plugins for Editor in 0.00 ms.
Unloading 2555 Unused Serialized files (Serialized files now loaded: 0)
System memory in use before: 114.2 MB.
System memory in use after: 114.4 MB.

Unloading 15 unused Assets to reduce memory usage. Loaded Objects now: 3053.
Total: 4.312500 ms (FindLiveObjects: 0.291900 ms CreateObjectMapping: 0.131900 ms MarkObjects: 3.867000 ms  DeleteObjects: 0.020700 ms)

AssetImportParameters requested are different than current active one (requested -> active):
  custom:framework-win-MediaFoundation: 216162199b28c13a410421893ffa2e32 -> 
  custom:video-decoder-ogg-theora: a1e56fd34408186e4bbccfd4996cb3dc -> 
  custom:container-muxer-webm: aa71ff27fc2769a1b78a27578f13a17b -> 
  custom:container-demuxer-webm: 4f35f7cbe854078d1ac9338744f61a02 -> 
  custom:container-demuxer-ogg: 62fdf1f143b41e24485cea50d1cbac27 -> 
  custom:video-encoder-webm-vp8: eb34c28f22e8b96e1ab97ce403110664 -> 
  custom:video-decoder-webm-vp8: 9c59270c3fd7afecdb556c50c9e8de78 -> 
  custom:audio-decoder-ogg-vorbis: bf7c407c2cedff20999df2af8eb42d56 -> 
  custom:audio-encoder-webm-vorbis: bf7c407c2cedff20999df2af8eb42d56 -> 
========================================================================
Received Prepare
Registering precompiled user dll's ...
Registered in 0.001851 seconds.
Begin MonoManager ReloadAssembly
Native extension for WindowsStandalone target not found
Refreshing native plugins compatible for Editor in 0.58 ms, found 3 plugins.
Preloading 0 native plugins for Editor in 0.00 ms.
Mono: successfully reloaded assembly
- Completed reload, in  1.109 seconds
Domain Reload Profiling:
	ReloadAssembly (1110ms)
		BeginReloadAssembly (115ms)
			ExecutionOrderSort (0ms)
			DisableScriptedObjects (6ms)
			BackupInstance (0ms)
			ReleaseScriptingObjects (0ms)
			CreateAndSetChildDomain (36ms)
		EndReloadAssembly (932ms)
			LoadAssemblies (92ms)
			RebuildTransferFunctionScriptingTraits (0ms)
			SetupTypeCache (301ms)
			ReleaseScriptCaches (1ms)
			RebuildScriptCaches (51ms)
			SetupLoadedEditorAssemblies (356ms)
				LogAssemblyErrors (0ms)
				InitializePlatformSupportModulesInManaged (4ms)
				SetLoadedEditorAssemblies (1ms)
				RefreshPlugins (1ms)
				BeforeProcessingInitializeOnLoad (85ms)
				ProcessInitializeOnLoadAttributes (253ms)
				ProcessInitializeOnLoadMethodAttributes (6ms)
				AfterProcessingInitializeOnLoad (6ms)
				EditorAssembliesLoaded (0ms)
			ExecutionOrderSort2 (0ms)
			AwakeInstancesAfterBackupRestoration (11ms)
Platform modules already initialized, skipping
Refreshing native plugins compatible for Editor in 0.55 ms, found 3 plugins.
Preloading 0 native plugins for Editor in 0.00 ms.
Unloading 2555 Unused Serialized files (Serialized files now loaded: 0)
System memory in use before: 114.3 MB.
System memory in use after: 114.5 MB.

Unloading 15 unused Assets to reduce memory usage. Loaded Objects now: 3056.
Total: 3.402600 ms (FindLiveObjects: 0.238100 ms CreateObjectMapping: 0.085500 ms MarkObjects: 3.063400 ms  DeleteObjects: 0.015000 ms)

AssetImportParameters requested are different than current active one (requested -> active):
  custom:framework-win-MediaFoundation: 216162199b28c13a410421893ffa2e32 -> 
  custom:video-decoder-ogg-theora: a1e56fd34408186e4bbccfd4996cb3dc -> 
  custom:container-muxer-webm: aa71ff27fc2769a1b78a27578f13a17b -> 
  custom:container-demuxer-webm: 4f35f7cbe854078d1ac9338744f61a02 -> 
  custom:container-demuxer-ogg: 62fdf1f143b41e24485cea50d1cbac27 -> 
  custom:video-encoder-webm-vp8: eb34c28f22e8b96e1ab97ce403110664 -> 
  custom:video-decoder-webm-vp8: 9c59270c3fd7afecdb556c50c9e8de78 -> 
  custom:audio-decoder-ogg-vorbis: bf7c407c2cedff20999df2af8eb42d56 -> 
  custom:audio-encoder-webm-vorbis: bf7c407c2cedff20999df2af8eb42d56 -> 
========================================================================
Received Prepare
Registering precompiled user dll's ...
Registered in 0.001730 seconds.
Begin MonoManager ReloadAssembly
Native extension for WindowsStandalone target not found
Refreshing native plugins compatible for Editor in 0.64 ms, found 3 plugins.
Preloading 0 native plugins for Editor in 0.00 ms.
Mono: successfully reloaded assembly
- Completed reload, in  1.197 seconds
Domain Reload Profiling:
	ReloadAssembly (1197ms)
		BeginReloadAssembly (128ms)
			ExecutionOrderSort (0ms)
			DisableScriptedObjects (7ms)
			BackupInstance (0ms)
			ReleaseScriptingObjects (0ms)
			CreateAndSetChildDomain (36ms)
		EndReloadAssembly (1001ms)
			LoadAssemblies (89ms)
			RebuildTransferFunctionScriptingTraits (0ms)
			SetupTypeCache (339ms)
			ReleaseScriptCaches (1ms)
			RebuildScriptCaches (50ms)
			SetupLoadedEditorAssemblies (388ms)
				LogAssemblyErrors (0ms)
				InitializePlatformSupportModulesInManaged (5ms)
				SetLoadedEditorAssemblies (1ms)
				RefreshPlugins (1ms)
				BeforeProcessingInitializeOnLoad (96ms)
				ProcessInitializeOnLoadAttributes (274ms)
				ProcessInitializeOnLoadMethodAttributes (6ms)
				AfterProcessingInitializeOnLoad (6ms)
				EditorAssembliesLoaded (0ms)
			ExecutionOrderSort2 (0ms)
			AwakeInstancesAfterBackupRestoration (11ms)
Platform modules already initialized, skipping
Refreshing native plugins compatible for Editor in 0.65 ms, found 3 plugins.
Preloading 0 native plugins for Editor in 0.00 ms.
Unloading 2555 Unused Serialized files (Serialized files now loaded: 0)
System memory in use before: 114.3 MB.
System memory in use after: 114.6 MB.

Unloading 15 unused Assets to reduce memory usage. Loaded Objects now: 3059.
Total: 3.888600 ms (FindLiveObjects: 0.283000 ms CreateObjectMapping: 0.115800 ms MarkObjects: 3.468700 ms  DeleteObjects: 0.019900 ms)

AssetImportParameters requested are different than current active one (requested -> active):
  custom:framework-win-MediaFoundation: 216162199b28c13a410421893ffa2e32 -> 
  custom:video-decoder-ogg-theora: a1e56fd34408186e4bbccfd4996cb3dc -> 
  custom:container-muxer-webm: aa71ff27fc2769a1b78a27578f13a17b -> 
  custom:container-demuxer-webm: 4f35f7cbe854078d1ac9338744f61a02 -> 
  custom:container-demuxer-ogg: 62fdf1f143b41e24485cea50d1cbac27 -> 
  custom:video-encoder-webm-vp8: eb34c28f22e8b96e1ab97ce403110664 -> 
  custom:video-decoder-webm-vp8: 9c59270c3fd7afecdb556c50c9e8de78 -> 
  custom:audio-decoder-ogg-vorbis: bf7c407c2cedff20999df2af8eb42d56 -> 
  custom:audio-encoder-webm-vorbis: bf7c407c2cedff20999df2af8eb42d56 -> 
========================================================================
Received Prepare
Registering precompiled user dll's ...
Registered in 0.001783 seconds.
Begin MonoManager ReloadAssembly
Native extension for WindowsStandalone target not found
Refreshing native plugins compatible for Editor in 0.57 ms, found 3 plugins.
Preloading 0 native plugins for Editor in 0.00 ms.
Mono: successfully reloaded assembly
- Completed reload, in  1.063 seconds
Domain Reload Profiling:
	ReloadAssembly (1063ms)
		BeginReloadAssembly (121ms)
			ExecutionOrderSort (0ms)
			DisableScriptedObjects (6ms)
			BackupInstance (0ms)
			ReleaseScriptingObjects (0ms)
			CreateAndSetChildDomain (34ms)
		EndReloadAssembly (883ms)
			LoadAssemblies (89ms)
			RebuildTransferFunctionScriptingTraits (0ms)
			SetupTypeCache (308ms)
			ReleaseScriptCaches (1ms)
			RebuildScriptCaches (51ms)
			SetupLoadedEditorAssemblies (324ms)
				LogAssemblyErrors (0ms)
				InitializePlatformSupportModulesInManaged (4ms)
				SetLoadedEditorAssemblies (1ms)
				RefreshPlugins (1ms)
				BeforeProcessingInitializeOnLoad (75ms)
				ProcessInitializeOnLoadAttributes (233ms)
				ProcessInitializeOnLoadMethodAttributes (5ms)
				AfterProcessingInitializeOnLoad (5ms)
				EditorAssembliesLoaded (0ms)
			ExecutionOrderSort2 (0ms)
			AwakeInstancesAfterBackupRestoration (9ms)
Platform modules already initialized, skipping
Refreshing native plugins compatible for Editor in 0.53 ms, found 3 plugins.
Preloading 0 native plugins for Editor in 0.00 ms.
Unloading 2555 Unused Serialized files (Serialized files now loaded: 0)
System memory in use before: 114.3 MB.
System memory in use after: 114.6 MB.

Unloading 15 unused Assets to reduce memory usage. Loaded Objects now: 3062.
Total: 6.099700 ms (FindLiveObjects: 0.266000 ms CreateObjectMapping: 0.110700 ms MarkObjects: 5.705000 ms  DeleteObjects: 0.017000 ms)

AssetImportParameters requested are different than current active one (requested -> active):
  custom:framework-win-MediaFoundation: 216162199b28c13a410421893ffa2e32 -> 
  custom:video-decoder-ogg-theora: a1e56fd34408186e4bbccfd4996cb3dc -> 
  custom:container-muxer-webm: aa71ff27fc2769a1b78a27578f13a17b -> 
  custom:container-demuxer-webm: 4f35f7cbe854078d1ac9338744f61a02 -> 
  custom:container-demuxer-ogg: 62fdf1f143b41e24485cea50d1cbac27 -> 
  custom:video-encoder-webm-vp8: eb34c28f22e8b96e1ab97ce403110664 -> 
  custom:video-decoder-webm-vp8: 9c59270c3fd7afecdb556c50c9e8de78 -> 
  custom:audio-decoder-ogg-vorbis: bf7c407c2cedff20999df2af8eb42d56 -> 
  custom:audio-encoder-webm-vorbis: bf7c407c2cedff20999df2af8eb42d56 -> 
========================================================================
Received Prepare
Registering precompiled user dll's ...
Registered in 0.002088 seconds.
Begin MonoManager ReloadAssembly
Native extension for WindowsStandalone target not found
Refreshing native plugins compatible for Editor in 0.63 ms, found 3 plugins.
Preloading 0 native plugins for Editor in 0.00 ms.
Mono: successfully reloaded assembly
- Completed reload, in  1.267 seconds
Domain Reload Profiling:
	ReloadAssembly (1268ms)
		BeginReloadAssembly (136ms)
			ExecutionOrderSort (0ms)
			DisableScriptedObjects (10ms)
			BackupInstance (0ms)
			ReleaseScriptingObjects (0ms)
			CreateAndSetChildDomain (38ms)
		EndReloadAssembly (1055ms)
			LoadAssemblies (100ms)
			RebuildTransferFunctionScriptingTraits (0ms)
			SetupTypeCache (353ms)
			ReleaseScriptCaches (1ms)
			RebuildScriptCaches (54ms)
			SetupLoadedEditorAssemblies (408ms)
				LogAssemblyErrors (0ms)
				InitializePlatformSupportModulesInManaged (6ms)
				SetLoadedEditorAssemblies (1ms)
				RefreshPlugins (1ms)
				BeforeProcessingInitializeOnLoad (97ms)
				ProcessInitializeOnLoadAttributes (290ms)
				ProcessInitializeOnLoadMethodAttributes (7ms)
				AfterProcessingInitializeOnLoad (6ms)
				EditorAssembliesLoaded (0ms)
			ExecutionOrderSort2 (0ms)
			AwakeInstancesAfterBackupRestoration (13ms)
Platform modules already initialized, skipping
Refreshing native plugins compatible for Editor in 0.61 ms, found 3 plugins.
Preloading 0 native plugins for Editor in 0.00 ms.
Unloading 2555 Unused Serialized files (Serialized files now loaded: 0)
System memory in use before: 114.4 MB.
System memory in use after: 114.6 MB.

Unloading 15 unused Assets to reduce memory usage. Loaded Objects now: 3065.
Total: 3.650600 ms (FindLiveObjects: 0.288000 ms CreateObjectMapping: 0.158800 ms MarkObjects: 3.183200 ms  DeleteObjects: 0.019400 ms)

AssetImportParameters requested are different than current active one (requested -> active):
  custom:framework-win-MediaFoundation: 216162199b28c13a410421893ffa2e32 -> 
  custom:video-decoder-ogg-theora: a1e56fd34408186e4bbccfd4996cb3dc -> 
  custom:container-muxer-webm: aa71ff27fc2769a1b78a27578f13a17b -> 
  custom:container-demuxer-webm: 4f35f7cbe854078d1ac9338744f61a02 -> 
  custom:container-demuxer-ogg: 62fdf1f143b41e24485cea50d1cbac27 -> 
  custom:video-encoder-webm-vp8: eb34c28f22e8b96e1ab97ce403110664 -> 
  custom:video-decoder-webm-vp8: 9c59270c3fd7afecdb556c50c9e8de78 -> 
  custom:audio-decoder-ogg-vorbis: bf7c407c2cedff20999df2af8eb42d56 -> 
  custom:audio-encoder-webm-vorbis: bf7c407c2cedff20999df2af8eb42d56 -> 
========================================================================
Received Prepare
Registering precompiled user dll's ...
Registered in 0.001905 seconds.
Begin MonoManager ReloadAssembly
Native extension for WindowsStandalone target not found
Refreshing native plugins compatible for Editor in 0.56 ms, found 3 plugins.
Preloading 0 native plugins for Editor in 0.00 ms.
Mono: successfully reloaded assembly
- Completed reload, in  1.116 seconds
Domain Reload Profiling:
	ReloadAssembly (1117ms)
		BeginReloadAssembly (126ms)
			ExecutionOrderSort (0ms)
			DisableScriptedObjects (6ms)
			BackupInstance (0ms)
			ReleaseScriptingObjects (0ms)
			CreateAndSetChildDomain (35ms)
		EndReloadAssembly (928ms)
			LoadAssemblies (89ms)
			RebuildTransferFunctionScriptingTraits (0ms)
			SetupTypeCache (325ms)
			ReleaseScriptCaches (1ms)
			RebuildScriptCaches (46ms)
			SetupLoadedEditorAssemblies (354ms)
				LogAssemblyErrors (0ms)
				InitializePlatformSupportModulesInManaged (5ms)
				SetLoadedEditorAssemblies (1ms)
				RefreshPlugins (1ms)
				BeforeProcessingInitializeOnLoad (80ms)
				ProcessInitializeOnLoadAttributes (257ms)
				ProcessInitializeOnLoadMethodAttributes (6ms)
				AfterProcessingInitializeOnLoad (5ms)
				EditorAssembliesLoaded (0ms)
			ExecutionOrderSort2 (0ms)
			AwakeInstancesAfterBackupRestoration (10ms)
Platform modules already initialized, skipping
Refreshing native plugins compatible for Editor in 0.53 ms, found 3 plugins.
Preloading 0 native plugins for Editor in 0.00 ms.
Unloading 2555 Unused Serialized files (Serialized files now loaded: 0)
System memory in use before: 114.4 MB.
System memory in use after: 114.6 MB.

Unloading 15 unused Assets to reduce memory usage. Loaded Objects now: 3068.
Total: 3.432300 ms (FindLiveObjects: 0.238800 ms CreateObjectMapping: 0.105600 ms MarkObjects: 3.071600 ms  DeleteObjects: 0.015200 ms)

AssetImportParameters requested are different than current active one (requested -> active):
  custom:framework-win-MediaFoundation: 216162199b28c13a410421893ffa2e32 -> 
  custom:video-decoder-ogg-theora: a1e56fd34408186e4bbccfd4996cb3dc -> 
  custom:container-muxer-webm: aa71ff27fc2769a1b78a27578f13a17b -> 
  custom:container-demuxer-webm: 4f35f7cbe854078d1ac9338744f61a02 -> 
  custom:container-demuxer-ogg: 62fdf1f143b41e24485cea50d1cbac27 -> 
  custom:video-encoder-webm-vp8: eb34c28f22e8b96e1ab97ce403110664 -> 
  custom:video-decoder-webm-vp8: 9c59270c3fd7afecdb556c50c9e8de78 -> 
  custom:audio-decoder-ogg-vorbis: bf7c407c2cedff20999df2af8eb42d56 -> 
  custom:audio-encoder-webm-vorbis: bf7c407c2cedff20999df2af8eb42d56 -> 
========================================================================
Received Prepare
Registering precompiled user dll's ...
Registered in 0.001839 seconds.
Begin MonoManager ReloadAssembly
Native extension for WindowsStandalone target not found
Refreshing native plugins compatible for Editor in 0.53 ms, found 3 plugins.
Preloading 0 native plugins for Editor in 0.00 ms.
Mono: successfully reloaded assembly
- Completed reload, in  1.168 seconds
Domain Reload Profiling:
	ReloadAssembly (1169ms)
		BeginReloadAssembly (119ms)
			ExecutionOrderSort (0ms)
			DisableScriptedObjects (6ms)
			BackupInstance (0ms)
			ReleaseScriptingObjects (0ms)
			CreateAndSetChildDomain (33ms)
		EndReloadAssembly (986ms)
			LoadAssemblies (91ms)
			RebuildTransferFunctionScriptingTraits (0ms)
			SetupTypeCache (326ms)
			ReleaseScriptCaches (1ms)
			RebuildScriptCaches (47ms)
			SetupLoadedEditorAssemblies (402ms)
				LogAssemblyErrors (0ms)
				InitializePlatformSupportModulesInManaged (4ms)
				SetLoadedEditorAssemblies (0ms)
				RefreshPlugins (1ms)
				BeforeProcessingInitializeOnLoad (79ms)
				ProcessInitializeOnLoadAttributes (304ms)
				ProcessInitializeOnLoadMethodAttributes (8ms)
				AfterProcessingInitializeOnLoad (6ms)
				EditorAssembliesLoaded (0ms)
			ExecutionOrderSort2 (0ms)
			AwakeInstancesAfterBackupRestoration (12ms)
Platform modules already initialized, skipping
Refreshing native plugins compatible for Editor in 0.61 ms, found 3 plugins.
Preloading 0 native plugins for Editor in 0.00 ms.
Unloading 2555 Unused Serialized files (Serialized files now loaded: 0)
System memory in use before: 114.4 MB.
System memory in use after: 114.6 MB.

Unloading 15 unused Assets to reduce memory usage. Loaded Objects now: 3071.
Total: 3.496400 ms (FindLiveObjects: 0.268200 ms CreateObjectMapping: 0.103200 ms MarkObjects: 3.017900 ms  DeleteObjects: 0.106100 ms)

AssetImportParameters requested are different than current active one (requested -> active):
  custom:framework-win-MediaFoundation: 216162199b28c13a410421893ffa2e32 -> 
  custom:video-decoder-ogg-theora: a1e56fd34408186e4bbccfd4996cb3dc -> 
  custom:container-muxer-webm: aa71ff27fc2769a1b78a27578f13a17b -> 
  custom:container-demuxer-webm: 4f35f7cbe854078d1ac9338744f61a02 -> 
  custom:container-demuxer-ogg: 62fdf1f143b41e24485cea50d1cbac27 -> 
  custom:video-encoder-webm-vp8: eb34c28f22e8b96e1ab97ce403110664 -> 
  custom:video-decoder-webm-vp8: 9c59270c3fd7afecdb556c50c9e8de78 -> 
  custom:audio-decoder-ogg-vorbis: bf7c407c2cedff20999df2af8eb42d56 -> 
  custom:audio-encoder-webm-vorbis: bf7c407c2cedff20999df2af8eb42d56 -> 
========================================================================
Received Prepare
Registering precompiled user dll's ...
Registered in 0.004394 seconds.
Begin MonoManager ReloadAssembly
Native extension for WindowsStandalone target not found
Refreshing native plugins compatible for Editor in 1.14 ms, found 3 plugins.
Preloading 0 native plugins for Editor in 0.00 ms.
Mono: successfully reloaded assembly
- Completed reload, in  2.266 seconds
Domain Reload Profiling:
	ReloadAssembly (2267ms)
		BeginReloadAssembly (249ms)
			ExecutionOrderSort (0ms)
			DisableScriptedObjects (16ms)
			BackupInstance (0ms)
			ReleaseScriptingObjects (1ms)
			CreateAndSetChildDomain (78ms)
		EndReloadAssembly (1890ms)
			LoadAssemblies (207ms)
			RebuildTransferFunctionScriptingTraits (0ms)
			SetupTypeCache (640ms)
			ReleaseScriptCaches (3ms)
			RebuildScriptCaches (105ms)
			SetupLoadedEditorAssemblies (725ms)
				LogAssemblyErrors (0ms)
				InitializePlatformSupportModulesInManaged (10ms)
				SetLoadedEditorAssemblies (1ms)
				RefreshPlugins (1ms)
				BeforeProcessingInitializeOnLoad (157ms)
				ProcessInitializeOnLoadAttributes (533ms)
				ProcessInitializeOnLoadMethodAttributes (12ms)
				AfterProcessingInitializeOnLoad (10ms)
				EditorAssembliesLoaded (0ms)
			ExecutionOrderSort2 (0ms)
			AwakeInstancesAfterBackupRestoration (20ms)
Platform modules already initialized, skipping
Refreshing native plugins compatible for Editor in 2.82 ms, found 3 plugins.
Preloading 0 native plugins for Editor in 0.00 ms.
Unloading 2555 Unused Serialized files (Serialized files now loaded: 0)
System memory in use before: 114.4 MB.
System memory in use after: 114.6 MB.

Unloading 15 unused Assets to reduce memory usage. Loaded Objects now: 3074.
Total: 9.051400 ms (FindLiveObjects: 0.994900 ms CreateObjectMapping: 0.198900 ms MarkObjects: 7.817000 ms  DeleteObjects: 0.038800 ms)

AssetImportParameters requested are different than current active one (requested -> active):
  custom:framework-win-MediaFoundation: 216162199b28c13a410421893ffa2e32 -> 
  custom:video-decoder-ogg-theora: a1e56fd34408186e4bbccfd4996cb3dc -> 
  custom:container-muxer-webm: aa71ff27fc2769a1b78a27578f13a17b -> 
  custom:container-demuxer-webm: 4f35f7cbe854078d1ac9338744f61a02 -> 
  custom:container-demuxer-ogg: 62fdf1f143b41e24485cea50d1cbac27 -> 
  custom:video-encoder-webm-vp8: eb34c28f22e8b96e1ab97ce403110664 -> 
  custom:video-decoder-webm-vp8: 9c59270c3fd7afecdb556c50c9e8de78 -> 
  custom:audio-decoder-ogg-vorbis: bf7c407c2cedff20999df2af8eb42d56 -> 
  custom:audio-encoder-webm-vorbis: bf7c407c2cedff20999df2af8eb42d56 -> 
========================================================================
Received Prepare
Registering precompiled user dll's ...
Registered in 0.004375 seconds.
Begin MonoManager ReloadAssembly
Native extension for WindowsStandalone target not found
Refreshing native plugins compatible for Editor in 0.53 ms, found 3 plugins.
Preloading 0 native plugins for Editor in 0.00 ms.
Mono: successfully reloaded assembly
- Completed reload, in  1.409 seconds
Domain Reload Profiling:
	ReloadAssembly (1409ms)
		BeginReloadAssembly (253ms)
			ExecutionOrderSort (0ms)
			DisableScriptedObjects (15ms)
			BackupInstance (0ms)
			ReleaseScriptingObjects (0ms)
			CreateAndSetChildDomain (85ms)
		EndReloadAssembly (1058ms)
			LoadAssemblies (152ms)
			RebuildTransferFunctionScriptingTraits (0ms)
			SetupTypeCache (359ms)
			ReleaseScriptCaches (1ms)
			RebuildScriptCaches (55ms)
			SetupLoadedEditorAssemblies (406ms)
				LogAssemblyErrors (0ms)
				InitializePlatformSupportModulesInManaged (4ms)
				SetLoadedEditorAssemblies (0ms)
				RefreshPlugins (1ms)
				BeforeProcessingInitializeOnLoad (93ms)
				ProcessInitializeOnLoadAttributes (295ms)
				ProcessInitializeOnLoadMethodAttributes (8ms)
				AfterProcessingInitializeOnLoad (5ms)
				EditorAssembliesLoaded (0ms)
			ExecutionOrderSort2 (0ms)
			AwakeInstancesAfterBackupRestoration (10ms)
Platform modules already initialized, skipping
Refreshing native plugins compatible for Editor in 0.56 ms, found 3 plugins.
Preloading 0 native plugins for Editor in 0.00 ms.
Unloading 2555 Unused Serialized files (Serialized files now loaded: 0)
System memory in use before: 114.3 MB.
System memory in use after: 114.5 MB.

Unloading 15 unused Assets to reduce memory usage. Loaded Objects now: 3077.
Total: 3.516500 ms (FindLiveObjects: 0.238500 ms CreateObjectMapping: 0.117700 ms MarkObjects: 3.138900 ms  DeleteObjects: 0.020400 ms)

AssetImportParameters requested are different than current active one (requested -> active):
  custom:framework-win-MediaFoundation: 216162199b28c13a410421893ffa2e32 -> 
  custom:video-decoder-ogg-theora: a1e56fd34408186e4bbccfd4996cb3dc -> 
  custom:container-muxer-webm: aa71ff27fc2769a1b78a27578f13a17b -> 
  custom:container-demuxer-webm: 4f35f7cbe854078d1ac9338744f61a02 -> 
  custom:container-demuxer-ogg: 62fdf1f143b41e24485cea50d1cbac27 -> 
  custom:video-encoder-webm-vp8: eb34c28f22e8b96e1ab97ce403110664 -> 
  custom:video-decoder-webm-vp8: 9c59270c3fd7afecdb556c50c9e8de78 -> 
  custom:audio-decoder-ogg-vorbis: bf7c407c2cedff20999df2af8eb42d56 -> 
  custom:audio-encoder-webm-vorbis: bf7c407c2cedff20999df2af8eb42d56 -> 
========================================================================
Received Prepare
Registering precompiled user dll's ...
Registered in 0.004667 seconds.
Begin MonoManager ReloadAssembly
Native extension for WindowsStandalone target not found
Refreshing native plugins compatible for Editor in 0.57 ms, found 3 plugins.
Preloading 0 native plugins for Editor in 0.00 ms.
Mono: successfully reloaded assembly
- Completed reload, in  1.313 seconds
Domain Reload Profiling:
	ReloadAssembly (1314ms)
		BeginReloadAssembly (138ms)
			ExecutionOrderSort (0ms)
			DisableScriptedObjects (7ms)
			BackupInstance (0ms)
			ReleaseScriptingObjects (0ms)
			CreateAndSetChildDomain (46ms)
		EndReloadAssembly (1104ms)
			LoadAssemblies (98ms)
			RebuildTransferFunctionScriptingTraits (0ms)
			SetupTypeCache (356ms)
			ReleaseScriptCaches (1ms)
			RebuildScriptCaches (69ms)
			SetupLoadedEditorAssemblies (450ms)
				LogAssemblyErrors (0ms)
				InitializePlatformSupportModulesInManaged (4ms)
				SetLoadedEditorAssemblies (0ms)
				RefreshPlugins (1ms)
				BeforeProcessingInitializeOnLoad (108ms)
				ProcessInitializeOnLoadAttributes (324ms)
				ProcessInitializeOnLoadMethodAttributes (7ms)
				AfterProcessingInitializeOnLoad (5ms)
				EditorAssembliesLoaded (0ms)
			ExecutionOrderSort2 (0ms)
			AwakeInstancesAfterBackupRestoration (11ms)
Platform modules already initialized, skipping
Refreshing native plugins compatible for Editor in 0.57 ms, found 3 plugins.
Preloading 0 native plugins for Editor in 0.00 ms.
Unloading 2555 Unused Serialized files (Serialized files now loaded: 0)
System memory in use before: 114.4 MB.
System memory in use after: 114.6 MB.

Unloading 15 unused Assets to reduce memory usage. Loaded Objects now: 3080.
Total: 4.384900 ms (FindLiveObjects: 0.293100 ms CreateObjectMapping: 0.123000 ms MarkObjects: 3.930500 ms  DeleteObjects: 0.036700 ms)

AssetImportParameters requested are different than current active one (requested -> active):
  custom:framework-win-MediaFoundation: 216162199b28c13a410421893ffa2e32 -> 
  custom:video-decoder-ogg-theora: a1e56fd34408186e4bbccfd4996cb3dc -> 
  custom:container-muxer-webm: aa71ff27fc2769a1b78a27578f13a17b -> 
  custom:container-demuxer-webm: 4f35f7cbe854078d1ac9338744f61a02 -> 
  custom:container-demuxer-ogg: 62fdf1f143b41e24485cea50d1cbac27 -> 
  custom:video-encoder-webm-vp8: eb34c28f22e8b96e1ab97ce403110664 -> 
  custom:video-decoder-webm-vp8: 9c59270c3fd7afecdb556c50c9e8de78 -> 
  custom:audio-decoder-ogg-vorbis: bf7c407c2cedff20999df2af8eb42d56 -> 
  custom:audio-encoder-webm-vorbis: bf7c407c2cedff20999df2af8eb42d56 -> 
========================================================================
Received Prepare
Registering precompiled user dll's ...
Registered in 0.001875 seconds.
Begin MonoManager ReloadAssembly
Native extension for WindowsStandalone target not found
Refreshing native plugins compatible for Editor in 0.53 ms, found 3 plugins.
Preloading 0 native plugins for Editor in 0.00 ms.
Mono: successfully reloaded assembly
- Completed reload, in  1.142 seconds
Domain Reload Profiling:
	ReloadAssembly (1143ms)
		BeginReloadAssembly (111ms)
			ExecutionOrderSort (0ms)
			DisableScriptedObjects (7ms)
			BackupInstance (0ms)
			ReleaseScriptingObjects (0ms)
			CreateAndSetChildDomain (34ms)
		EndReloadAssembly (967ms)
			LoadAssemblies (92ms)
			RebuildTransferFunctionScriptingTraits (0ms)
			SetupTypeCache (332ms)
			ReleaseScriptCaches (1ms)
			RebuildScriptCaches (43ms)
			SetupLoadedEditorAssemblies (391ms)
				LogAssemblyErrors (0ms)
				InitializePlatformSupportModulesInManaged (4ms)
				SetLoadedEditorAssemblies (0ms)
				RefreshPlugins (1ms)
				BeforeProcessingInitializeOnLoad (102ms)
				ProcessInitializeOnLoadAttributes (272ms)
				ProcessInitializeOnLoadMethodAttributes (7ms)
				AfterProcessingInitializeOnLoad (5ms)
				EditorAssembliesLoaded (0ms)
			ExecutionOrderSort2 (0ms)
			AwakeInstancesAfterBackupRestoration (9ms)
Platform modules already initialized, skipping
Refreshing native plugins compatible for Editor in 0.54 ms, found 3 plugins.
Preloading 0 native plugins for Editor in 0.00 ms.
Unloading 2555 Unused Serialized files (Serialized files now loaded: 0)
System memory in use before: 114.4 MB.
System memory in use after: 114.6 MB.

Unloading 15 unused Assets to reduce memory usage. Loaded Objects now: 3083.
Total: 3.622300 ms (FindLiveObjects: 0.252300 ms CreateObjectMapping: 0.098300 ms MarkObjects: 3.195500 ms  DeleteObjects: 0.075300 ms)

AssetImportParameters requested are different than current active one (requested -> active):
  custom:framework-win-MediaFoundation: 216162199b28c13a410421893ffa2e32 -> 
  custom:video-decoder-ogg-theora: a1e56fd34408186e4bbccfd4996cb3dc -> 
  custom:container-muxer-webm: aa71ff27fc2769a1b78a27578f13a17b -> 
  custom:container-demuxer-webm: 4f35f7cbe854078d1ac9338744f61a02 -> 
  custom:container-demuxer-ogg: 62fdf1f143b41e24485cea50d1cbac27 -> 
  custom:video-encoder-webm-vp8: eb34c28f22e8b96e1ab97ce403110664 -> 
  custom:video-decoder-webm-vp8: 9c59270c3fd7afecdb556c50c9e8de78 -> 
  custom:audio-decoder-ogg-vorbis: bf7c407c2cedff20999df2af8eb42d56 -> 
  custom:audio-encoder-webm-vorbis: bf7c407c2cedff20999df2af8eb42d56 -> 
========================================================================
Received Import Request.
  Time since last request: 8527.994923 seconds.
  path: Assets/Cutscenes/MenuTimeline.playable
  artifactKey: Guid(8eb80326fcf1e0b45becf959065edd9e) Importer(815301076,1909f56bfc062723c751e8b465ee728b)
Start importing Assets/Cutscenes/MenuTimeline.playable using Guid(8eb80326fcf1e0b45becf959065edd9e) Importer(815301076,1909f56bfc062723c751e8b465ee728b)  -> (artifact id: 'd7c625e1ad0ca61cccf1ff2e4bc302a2') in 0.143378 seconds 
  Import took 0.154689 seconds .

========================================================================
Received Import Request.
  Time since last request: 13.394682 seconds.
  path: Assets/Scripts/MenuScript/MainMenu/MainMenuActionScript.cs
  artifactKey: Guid(189e3dde2d8be61449972a1f85f00183) Importer(815301076,1909f56bfc062723c751e8b465ee728b)
Start importing Assets/Scripts/MenuScript/MainMenu/MainMenuActionScript.cs using Guid(189e3dde2d8be61449972a1f85f00183) Importer(815301076,1909f56bfc062723c751e8b465ee728b)  -> (artifact id: '0c8c9accbd0b67e87f83ecea12b501b9') in 0.013052 seconds 
  Import took 0.018492 seconds .

========================================================================
Received Import Request.
  Time since last request: 0.001687 seconds.
  path: Assets/Scripts/MenuScript/MainMenu/MainMenuActionScript.cs
  artifactKey: Guid(189e3dde2d8be61449972a1f85f00183) Importer(815301076,1909f56bfc062723c751e8b465ee728b)
Start importing Assets/Scripts/MenuScript/MainMenu/MainMenuActionScript.cs using Guid(189e3dde2d8be61449972a1f85f00183) Importer(815301076,1909f56bfc062723c751e8b465ee728b)  -> (artifact id: '0c8c9accbd0b67e87f83ecea12b501b9') in 0.002207 seconds 
  Import took 0.006723 seconds .

========================================================================
Received Prepare
Registering precompiled user dll's ...
Registered in 0.018696 seconds.
Begin MonoManager ReloadAssembly
Native extension for WindowsStandalone target not found
Refreshing native plugins compatible for Editor in 0.57 ms, found 3 plugins.
Preloading 0 native plugins for Editor in 0.00 ms.
Mono: successfully reloaded assembly
- Completed reload, in  1.446 seconds
Domain Reload Profiling:
	ReloadAssembly (1449ms)
		BeginReloadAssembly (303ms)
			ExecutionOrderSort (0ms)
			DisableScriptedObjects (29ms)
			BackupInstance (0ms)
			ReleaseScriptingObjects (0ms)
			CreateAndSetChildDomain (159ms)
		EndReloadAssembly (1066ms)
			LoadAssemblies (209ms)
			RebuildTransferFunctionScriptingTraits (0ms)
			SetupTypeCache (331ms)
			ReleaseScriptCaches (1ms)
			RebuildScriptCaches (45ms)
			SetupLoadedEditorAssemblies (363ms)
				LogAssemblyErrors (0ms)
				InitializePlatformSupportModulesInManaged (5ms)
				SetLoadedEditorAssemblies (1ms)
				RefreshPlugins (1ms)
				BeforeProcessingInitializeOnLoad (87ms)
				ProcessInitializeOnLoadAttributes (259ms)
				ProcessInitializeOnLoadMethodAttributes (6ms)
				AfterProcessingInitializeOnLoad (5ms)
				EditorAssembliesLoaded (0ms)
			ExecutionOrderSort2 (0ms)
			AwakeInstancesAfterBackupRestoration (11ms)
Platform modules already initialized, skipping
Refreshing native plugins compatible for Editor in 0.54 ms, found 3 plugins.
Preloading 0 native plugins for Editor in 0.00 ms.
Unloading 2555 Unused Serialized files (Serialized files now loaded: 0)
System memory in use before: 114.5 MB.
System memory in use after: 114.7 MB.

Unloading 15 unused Assets to reduce memory usage. Loaded Objects now: 3086.
Total: 3.229700 ms (FindLiveObjects: 0.251100 ms CreateObjectMapping: 0.084400 ms MarkObjects: 2.877200 ms  DeleteObjects: 0.016100 ms)

AssetImportParameters requested are different than current active one (requested -> active):
  custom:framework-win-MediaFoundation: 216162199b28c13a410421893ffa2e32 -> 
  custom:video-decoder-ogg-theora: a1e56fd34408186e4bbccfd4996cb3dc -> 
  custom:container-muxer-webm: aa71ff27fc2769a1b78a27578f13a17b -> 
  custom:container-demuxer-webm: 4f35f7cbe854078d1ac9338744f61a02 -> 
  custom:container-demuxer-ogg: 62fdf1f143b41e24485cea50d1cbac27 -> 
  custom:video-encoder-webm-vp8: eb34c28f22e8b96e1ab97ce403110664 -> 
  custom:video-decoder-webm-vp8: 9c59270c3fd7afecdb556c50c9e8de78 -> 
  custom:audio-decoder-ogg-vorbis: bf7c407c2cedff20999df2af8eb42d56 -> 
  custom:audio-encoder-webm-vorbis: bf7c407c2cedff20999df2af8eb42d56 -> 
========================================================================
Received Prepare
Registering precompiled user dll's ...
Registered in 0.001783 seconds.
Begin MonoManager ReloadAssembly
Native extension for WindowsStandalone target not found
Refreshing native plugins compatible for Editor in 0.83 ms, found 3 plugins.
Preloading 0 native plugins for Editor in 0.00 ms.
Mono: successfully reloaded assembly
- Completed reload, in  1.080 seconds
Domain Reload Profiling:
	ReloadAssembly (1080ms)
		BeginReloadAssembly (112ms)
			ExecutionOrderSort (0ms)
			DisableScriptedObjects (7ms)
			BackupInstance (0ms)
			ReleaseScriptingObjects (0ms)
			CreateAndSetChildDomain (37ms)
		EndReloadAssembly (910ms)
			LoadAssemblies (87ms)
			RebuildTransferFunctionScriptingTraits (0ms)
			SetupTypeCache (301ms)
			ReleaseScriptCaches (1ms)
			RebuildScriptCaches (46ms)
			SetupLoadedEditorAssemblies (367ms)
				LogAssemblyErrors (0ms)
				InitializePlatformSupportModulesInManaged (4ms)
				SetLoadedEditorAssemblies (0ms)
				RefreshPlugins (1ms)
				BeforeProcessingInitializeOnLoad (80ms)
				ProcessInitializeOnLoadAttributes (271ms)
				ProcessInitializeOnLoadMethodAttributes (6ms)
				AfterProcessingInitializeOnLoad (5ms)
				EditorAssembliesLoaded (0ms)
			ExecutionOrderSort2 (0ms)
			AwakeInstancesAfterBackupRestoration (10ms)
Platform modules already initialized, skipping
Refreshing native plugins compatible for Editor in 0.54 ms, found 3 plugins.
Preloading 0 native plugins for Editor in 0.00 ms.
Unloading 2555 Unused Serialized files (Serialized files now loaded: 0)
System memory in use before: 114.5 MB.
System memory in use after: 114.7 MB.

Unloading 15 unused Assets to reduce memory usage. Loaded Objects now: 3089.
Total: 3.572800 ms (FindLiveObjects: 0.249100 ms CreateObjectMapping: 0.097400 ms MarkObjects: 3.209500 ms  DeleteObjects: 0.016100 ms)

AssetImportParameters requested are different than current active one (requested -> active):
  custom:framework-win-MediaFoundation: 216162199b28c13a410421893ffa2e32 -> 
  custom:video-decoder-ogg-theora: a1e56fd34408186e4bbccfd4996cb3dc -> 
  custom:container-muxer-webm: aa71ff27fc2769a1b78a27578f13a17b -> 
  custom:container-demuxer-webm: 4f35f7cbe854078d1ac9338744f61a02 -> 
  custom:container-demuxer-ogg: 62fdf1f143b41e24485cea50d1cbac27 -> 
  custom:video-encoder-webm-vp8: eb34c28f22e8b96e1ab97ce403110664 -> 
  custom:video-decoder-webm-vp8: 9c59270c3fd7afecdb556c50c9e8de78 -> 
  custom:audio-decoder-ogg-vorbis: bf7c407c2cedff20999df2af8eb42d56 -> 
  custom:audio-encoder-webm-vorbis: bf7c407c2cedff20999df2af8eb42d56 -> 
========================================================================
Received Import Request.
  Time since last request: 5190.466857 seconds.
  path: Packages/com.unity.inputsystem/InputSystem/Plugins/PlayerInput/DefaultInputActions.inputactions
  artifactKey: Guid(ca9f5fa95ffab41fb9a615ab714db018) Importer(815301076,1909f56bfc062723c751e8b465ee728b)
Start importing Packages/com.unity.inputsystem/InputSystem/Plugins/PlayerInput/DefaultInputActions.inputactions using Guid(ca9f5fa95ffab41fb9a615ab714db018) Importer(815301076,1909f56bfc062723c751e8b465ee728b)  -> (artifact id: 'fd03fa9b2e2ec641814bbd04dfb4479f') in 0.041640 seconds 
  Import took 0.049042 seconds .

========================================================================
Received Import Request.
  Time since last request: 0.003518 seconds.
  path: Packages/com.unity.inputsystem/InputSystem/Plugins/PlayerInput/DefaultInputActions.inputactions
  artifactKey: Guid(ca9f5fa95ffab41fb9a615ab714db018) Importer(815301076,1909f56bfc062723c751e8b465ee728b)
Start importing Packages/com.unity.inputsystem/InputSystem/Plugins/PlayerInput/DefaultInputActions.inputactions using Guid(ca9f5fa95ffab41fb9a615ab714db018) Importer(815301076,1909f56bfc062723c751e8b465ee728b)  -> (artifact id: 'fd03fa9b2e2ec641814bbd04dfb4479f') in 0.004625 seconds 
  Import took 0.008595 seconds .

========================================================================
Received Import Request.
  Time since last request: 334.286936 seconds.
  path: Packages/com.unity.inputsystem/InputSystem/Plugins/PlayerInput/DefaultInputActions.inputactions
  artifactKey: Guid(ca9f5fa95ffab41fb9a615ab714db018) Importer(815301076,1909f56bfc062723c751e8b465ee728b)
Start importing Packages/com.unity.inputsystem/InputSystem/Plugins/PlayerInput/DefaultInputActions.inputactions using Guid(ca9f5fa95ffab41fb9a615ab714db018) Importer(815301076,1909f56bfc062723c751e8b465ee728b)  -> (artifact id: '3e9d757d8f38880e0751b26c81894631') in 0.005803 seconds 
  Import took 0.013329 seconds .

========================================================================
Received Prepare
Registering precompiled user dll's ...
Registered in 0.002227 seconds.
Begin MonoManager ReloadAssembly
Native extension for WindowsStandalone target not found
Refreshing native plugins compatible for Editor in 0.54 ms, found 3 plugins.
Preloading 0 native plugins for Editor in 0.00 ms.
Mono: successfully reloaded assembly
- Completed reload, in  1.297 seconds
Domain Reload Profiling:
	ReloadAssembly (1298ms)
		BeginReloadAssembly (182ms)
			ExecutionOrderSort (0ms)
			DisableScriptedObjects (11ms)
			BackupInstance (0ms)
			ReleaseScriptingObjects (0ms)
			CreateAndSetChildDomain (65ms)
		EndReloadAssembly (1029ms)
			LoadAssemblies (123ms)
			RebuildTransferFunctionScriptingTraits (0ms)
			SetupTypeCache (384ms)
			ReleaseScriptCaches (1ms)
			RebuildScriptCaches (46ms)
			SetupLoadedEditorAssemblies (386ms)
				LogAssemblyErrors (0ms)
				InitializePlatformSupportModulesInManaged (5ms)
				SetLoadedEditorAssemblies (0ms)
				RefreshPlugins (1ms)
				BeforeProcessingInitializeOnLoad (89ms)
				ProcessInitializeOnLoadAttributes (279ms)
				ProcessInitializeOnLoadMethodAttributes (7ms)
				AfterProcessingInitializeOnLoad (6ms)
				EditorAssembliesLoaded (0ms)
			ExecutionOrderSort2 (0ms)
			AwakeInstancesAfterBackupRestoration (12ms)
Platform modules already initialized, skipping
Refreshing native plugins compatible for Editor in 0.53 ms, found 3 plugins.
Preloading 0 native plugins for Editor in 0.00 ms.
Unloading 2555 Unused Serialized files (Serialized files now loaded: 0)
System memory in use before: 114.4 MB.
System memory in use after: 114.6 MB.

Unloading 15 unused Assets to reduce memory usage. Loaded Objects now: 3092.
Total: 3.725900 ms (FindLiveObjects: 0.252300 ms CreateObjectMapping: 0.098300 ms MarkObjects: 3.355300 ms  DeleteObjects: 0.019200 ms)

AssetImportParameters requested are different than current active one (requested -> active):
  custom:framework-win-MediaFoundation: 216162199b28c13a410421893ffa2e32 -> 
  custom:video-decoder-ogg-theora: a1e56fd34408186e4bbccfd4996cb3dc -> 
  custom:container-muxer-webm: aa71ff27fc2769a1b78a27578f13a17b -> 
  custom:container-demuxer-webm: 4f35f7cbe854078d1ac9338744f61a02 -> 
  custom:container-demuxer-ogg: 62fdf1f143b41e24485cea50d1cbac27 -> 
  custom:video-encoder-webm-vp8: eb34c28f22e8b96e1ab97ce403110664 -> 
  custom:video-decoder-webm-vp8: 9c59270c3fd7afecdb556c50c9e8de78 -> 
  custom:audio-decoder-ogg-vorbis: bf7c407c2cedff20999df2af8eb42d56 -> 
  custom:audio-encoder-webm-vorbis: bf7c407c2cedff20999df2af8eb42d56 -> 
========================================================================
Received Import Request.
  Time since last request: 182.663672 seconds.
  path: Assets/Prefabs/Enemy Pig.prefab
  artifactKey: Guid(621634c5972e4b547bad373b89e37d55) Importer(815301076,1909f56bfc062723c751e8b465ee728b)
Start importing Assets/Prefabs/Enemy Pig.prefab using Guid(621634c5972e4b547bad373b89e37d55) Importer(815301076,1909f56bfc062723c751e8b465ee728b)  -> (artifact id: '5ebf3fea72e94d36e4d690f16059a452') in 0.128796 seconds 
  Import took 0.134299 seconds .

========================================================================
Received Import Request.
  Time since last request: 0.000291 seconds.
  path: Assets/Prefabs/SoundManager.prefab
  artifactKey: Guid(c9bffe49caa2ecf4b8513f9dd7235f1b) Importer(815301076,1909f56bfc062723c751e8b465ee728b)
Start importing Assets/Prefabs/SoundManager.prefab using Guid(c9bffe49caa2ecf4b8513f9dd7235f1b) Importer(815301076,1909f56bfc062723c751e8b465ee728b)  -> (artifact id: '27c63e93de707c09dedce04898106195') in 0.008751 seconds 
  Import took 0.013595 seconds .

========================================================================
Received Import Request.
  Time since last request: 6.053220 seconds.
  path: Assets/Scenes/Level 1.unity
  artifactKey: Guid(d6e29c96ea33b1d498add4ad0038df27) Importer(815301076,1909f56bfc062723c751e8b465ee728b)
Start importing Assets/Scenes/Level 1.unity using Guid(d6e29c96ea33b1d498add4ad0038df27) Importer(815301076,1909f56bfc062723c751e8b465ee728b)  -> (artifact id: 'bacda2579aa2d1e3c85a836b368bb777') in 0.006479 seconds 
  Import took 0.016423 seconds .

========================================================================
Received Import Request.
  Time since last request: 383.515791 seconds.
  path: Assets/Scenes/Main Menu.unity
  artifactKey: Guid(31fee242a65454f4ba77c62176855e1f) Importer(815301076,1909f56bfc062723c751e8b465ee728b)
Start importing Assets/Scenes/Main Menu.unity using Guid(31fee242a65454f4ba77c62176855e1f) Importer(815301076,1909f56bfc062723c751e8b465ee728b)  -> (artifact id: 'c7d26da0cb63b469fe0614987396f84f') in 0.006962 seconds 
  Import took 0.017261 seconds .

========================================================================
Received Prepare
Registering precompiled user dll's ...
Registered in 0.004950 seconds.
Begin MonoManager ReloadAssembly
Native extension for WindowsStandalone target not found
Refreshing native plugins compatible for Editor in 0.60 ms, found 3 plugins.
Preloading 0 native plugins for Editor in 0.00 ms.
Mono: successfully reloaded assembly
- Completed reload, in  1.158 seconds
Domain Reload Profiling:
	ReloadAssembly (1159ms)
		BeginReloadAssembly (136ms)
			ExecutionOrderSort (0ms)
			DisableScriptedObjects (6ms)
			BackupInstance (0ms)
			ReleaseScriptingObjects (0ms)
			CreateAndSetChildDomain (39ms)
		EndReloadAssembly (942ms)
			LoadAssemblies (96ms)
			RebuildTransferFunctionScriptingTraits (0ms)
			SetupTypeCache (308ms)
			ReleaseScriptCaches (1ms)
			RebuildScriptCaches (48ms)
			SetupLoadedEditorAssemblies (368ms)
				LogAssemblyErrors (0ms)
				InitializePlatformSupportModulesInManaged (4ms)
				SetLoadedEditorAssemblies (1ms)
				RefreshPlugins (1ms)
				BeforeProcessingInitializeOnLoad (87ms)
				ProcessInitializeOnLoadAttributes (264ms)
				ProcessInitializeOnLoadMethodAttributes (6ms)
				AfterProcessingInitializeOnLoad (5ms)
				EditorAssembliesLoaded (0ms)
			ExecutionOrderSort2 (0ms)
			AwakeInstancesAfterBackupRestoration (11ms)
Platform modules already initialized, skipping
Refreshing native plugins compatible for Editor in 0.53 ms, found 3 plugins.
Preloading 0 native plugins for Editor in 0.00 ms.
Unloading 2555 Unused Serialized files (Serialized files now loaded: 0)
System memory in use before: 114.5 MB.
System memory in use after: 114.8 MB.

Unloading 15 unused Assets to reduce memory usage. Loaded Objects now: 3100.
Total: 3.166300 ms (FindLiveObjects: 0.225400 ms CreateObjectMapping: 0.102700 ms MarkObjects: 2.823200 ms  DeleteObjects: 0.014100 ms)

AssetImportParameters requested are different than current active one (requested -> active):
  custom:framework-win-MediaFoundation: 216162199b28c13a410421893ffa2e32 -> 
  custom:video-decoder-ogg-theora: a1e56fd34408186e4bbccfd4996cb3dc -> 
  custom:container-muxer-webm: aa71ff27fc2769a1b78a27578f13a17b -> 
  custom:container-demuxer-webm: 4f35f7cbe854078d1ac9338744f61a02 -> 
  custom:container-demuxer-ogg: 62fdf1f143b41e24485cea50d1cbac27 -> 
  custom:video-encoder-webm-vp8: eb34c28f22e8b96e1ab97ce403110664 -> 
  custom:video-decoder-webm-vp8: 9c59270c3fd7afecdb556c50c9e8de78 -> 
  custom:audio-decoder-ogg-vorbis: bf7c407c2cedff20999df2af8eb42d56 -> 
  custom:audio-encoder-webm-vorbis: bf7c407c2cedff20999df2af8eb42d56 -> 
========================================================================
Received Prepare
Registering precompiled user dll's ...
Registered in 0.003204 seconds.
Begin MonoManager ReloadAssembly
Native extension for WindowsStandalone target not found
Refreshing native plugins compatible for Editor in 0.89 ms, found 3 plugins.
Preloading 0 native plugins for Editor in 0.00 ms.
Mono: successfully reloaded assembly
- Completed reload, in  1.608 seconds
Domain Reload Profiling:
	ReloadAssembly (1609ms)
		BeginReloadAssembly (162ms)
			ExecutionOrderSort (0ms)
			DisableScriptedObjects (10ms)
			BackupInstance (0ms)
			ReleaseScriptingObjects (0ms)
			CreateAndSetChildDomain (49ms)
		EndReloadAssembly (1351ms)
			LoadAssemblies (134ms)
			RebuildTransferFunctionScriptingTraits (0ms)
			SetupTypeCache (464ms)
			ReleaseScriptCaches (1ms)
			RebuildScriptCaches (70ms)
			SetupLoadedEditorAssemblies (514ms)
				LogAssemblyErrors (0ms)
				InitializePlatformSupportModulesInManaged (7ms)
				SetLoadedEditorAssemblies (1ms)
				RefreshPlugins (1ms)
				BeforeProcessingInitializeOnLoad (115ms)
				ProcessInitializeOnLoadAttributes (373ms)
				ProcessInitializeOnLoadMethodAttributes (8ms)
				AfterProcessingInitializeOnLoad (8ms)
				EditorAssembliesLoaded (0ms)
			ExecutionOrderSort2 (0ms)
			AwakeInstancesAfterBackupRestoration (19ms)
Platform modules already initialized, skipping
Refreshing native plugins compatible for Editor in 1.02 ms, found 3 plugins.
Preloading 0 native plugins for Editor in 0.00 ms.
Unloading 2555 Unused Serialized files (Serialized files now loaded: 0)
System memory in use before: 114.5 MB.
System memory in use after: 114.8 MB.

Unloading 15 unused Assets to reduce memory usage. Loaded Objects now: 3103.
Total: 4.327300 ms (FindLiveObjects: 0.388100 ms CreateObjectMapping: 0.226000 ms MarkObjects: 3.689500 ms  DeleteObjects: 0.022300 ms)

AssetImportParameters requested are different than current active one (requested -> active):
  custom:framework-win-MediaFoundation: 216162199b28c13a410421893ffa2e32 -> 
  custom:video-decoder-ogg-theora: a1e56fd34408186e4bbccfd4996cb3dc -> 
  custom:container-muxer-webm: aa71ff27fc2769a1b78a27578f13a17b -> 
  custom:container-demuxer-webm: 4f35f7cbe854078d1ac9338744f61a02 -> 
  custom:container-demuxer-ogg: 62fdf1f143b41e24485cea50d1cbac27 -> 
  custom:video-encoder-webm-vp8: eb34c28f22e8b96e1ab97ce403110664 -> 
  custom:video-decoder-webm-vp8: 9c59270c3fd7afecdb556c50c9e8de78 -> 
  custom:audio-decoder-ogg-vorbis: bf7c407c2cedff20999df2af8eb42d56 -> 
  custom:audio-encoder-webm-vorbis: bf7c407c2cedff20999df2af8eb42d56 -> 
